#
# A fatal error has been detected by the Java Runtime Environment:
#
#  EXCEPTION_ACCESS_VIOLATION (0xc0000005) at pc=0x00007ffe7c25790c, pid=13984, tid=9596
#
# JRE version: OpenJDK Runtime Environment (11.0.11+9) (build 11.0.11+9-b60-7590822)
# Java VM: OpenJDK 64-Bit Server VM (11.0.11+9-b60-7590822, mixed mode, tiered, compressed oops, g1 gc, windows-amd64)
# Problematic frame:
# V  [jvm.dll+0x5a790c]
#
# No core dump will be written. Minidumps are not enabled by default on client versions of Windows
#
# If you would like to submit a bug report, please visit:
#   https://bugreport.java.com/bugreport/crash.jsp
#

---------------  S U M M A R Y ------------

Command Line: --add-opens=java.base/java.util=ALL-UNNAMED --add-opens=java.base/java.lang=ALL-UNNAMED --add-opens=java.base/java.lang.invoke=ALL-UNNAMED --add-opens=java.base/java.util=ALL-UNNAMED --add-opens=java.prefs/java.util.prefs=ALL-UNNAMED --add-opens=java.prefs/java.util.prefs=ALL-UNNAMED --add-opens=java.base/java.nio.charset=ALL-UNNAMED --add-opens=java.base/java.net=ALL-UNNAMED --add-opens=java.base/java.util.concurrent.atomic=ALL-UNNAMED -Xmx2048m -Dfile.encoding=UTF-8 -Duser.country=US -Duser.language=en -Duser.variant org.gradle.launcher.daemon.bootstrap.GradleDaemon 7.2

Host: Intel(R) Core(TM) i5-1035G1 CPU @ 1.00GHz, 8 cores, 11G,  Windows 10 , 64 bit Build 19041 (10.0.19041.1566)
Time: Fri Apr 22 21:50:56 2022 SE Asia Standard Time elapsed time: 3321.435981 seconds (0d 0h 55m 21s)

---------------  T H R E A D  ---------------

Current thread (0x000001eade311000):  JavaThread "Daemon worker Thread 12" [_thread_in_Java, id=9596, stack(0x000000508f500000,0x000000508f600000)]

Stack: [0x000000508f500000,0x000000508f600000],  sp=0x000000508f5f8a88,  free space=994k
Native frames: (J=compiled Java code, j=interpreted, Vv=VM code, C=native code)
V  [jvm.dll+0x5a790c]


siginfo: EXCEPTION_ACCESS_VIOLATION (0xc0000005), reading address 0x0000006c00000000


Register to memory mapping:

RIP=0x00007ffe7c25790c jvm.dll
RAX={method} {0x000001eaede8c608} '
[error occurred during error reporting (printing register info), id 0xc0000005, EXCEPTION_ACCESS_VIOLATION (0xc0000005) at pc=0x00007ffe7c36ac81]

Registers:
RAX=0x000001eaede8c600, RBX=0x000001eaede8c600, RCX=0x0000006c00000000, RDX=0x000001eacb178264
RSP=0x000000508f5f8a88, RBP=0x000000508f5f9870, RSI=0x000001eadf628ef8, RDI=0x000001eacb178264
R8 =0x0000000083086620, R9 =0x000000008282a828, R10=0x00007ffe7c30cf90, R11=0x000000008aed80a8
R12=0x0000000000000000, R13=0x000000508f5f96c8, R14=0x000000008477d7f8, R15=0x000001eade311000
RIP=0x00007ffe7c25790c, EFLAGS=0x0000000000010206

Top of Stack: (sp=0x000000508f5f8a88)
0x000000508f5f8a88:   00007ffe7c30cfa9 0000000000000000
0x000000508f5f8a98:   000001eade311000 0000000000000000
0x000000508f5f8aa8:   00007ffe7c30f8eb 000001eade311000
0x000000508f5f8ab8:   000000508f5f8b50 000000508f5f8b50
0x000000508f5f8ac8:   616d20756f79202c 00000000830969c8
0x000000508f5f8ad8:   00007ffe7be2bf07 000001eae7a63738
0x000000508f5f8ae8:   000001eade311000 000001eae7b6b2b8
0x000000508f5f8af8:   0000000000000000 000001eaeaf19b40
0x000000508f5f8b08:   00007ffe7c30fc50 000001eade311000
0x000000508f5f8b18:   000001eade311000 00000000830969c8
0x000000508f5f8b28:   0a0a0a2e79746974 000001eade311000
0x000000508f5f8b38:   662065736e656369 000001eae7a63738
0x000000508f5f8b48:   000001eade311000 000001eaee1380a0
0x000000508f5f8b58:   000001eade311000 000001eaeaf19b40
0x000000508f5f8b68:   000000008477d7f8 000000508f5f96c8
0x000000508f5f8b78:   000001eadf628ef8 000001eaede8c600 

Instructions: (pc=0x00007ffe7c25790c)
0x00007ffe7c25780c:   8b cb e8 9d 0f bb ff 48 63 0b 8d 41 01 89 03 48
0x00007ffe7c25781c:   8b 43 18 48 89 3c c8 33 d2 4c 8b fe 8b da 85 f6
0x00007ffe7c25782c:   0f 84 9d 00 00 00 0f 1f 40 00 66 66 0f 1f 84 00
0x00007ffe7c25783c:   00 00 00 00 49 8b 34 24 48 8b 4e 08 0f b6 41 24
0x00007ffe7c25784c:   c0 e8 03 a8 01 74 13 e8 f8 25 c9 ff 48 8b 4e 08
0x00007ffe7c25785c:   48 8b f8 e8 cc 24 c9 ff eb 03 48 8b fa 0f b7 04
0x00007ffe7c25786c:   df 41 3b c6 7f 4e 0f b7 44 df 02 44 3b f0 7d 44
0x00007ffe7c25787c:   0f b7 54 df 06 0f b7 74 df 04 85 d2 74 48 48 85
0x00007ffe7c25788c:   ed 74 43 48 8b 4c 24 20 4d 8b c5 e8 64 28 bd ff
0x00007ffe7c25789c:   49 83 7d 08 00 75 2f 8b 50 10 48 39 04 2a 74 26
0x00007ffe7c2578ac:   83 fa 20 75 0f 48 8b d0 48 8b cd e8 94 2f f2 ff
0x00007ffe7c2578bc:   84 c0 75 12 48 ff c3 49 3b df 7d 07 33 d2 e9 71
0x00007ffe7c2578cc:   ff ff ff 83 ce ff 48 8d 4c 24 20 e8 e4 62 d9 ff
0x00007ffe7c2578dc:   48 8b 5c 24 60 8b c6 48 8b 74 24 70 48 8b 6c 24
0x00007ffe7c2578ec:   68 48 83 c4 30 41 5f 41 5e 41 5d 41 5c 5f c3 cc
0x00007ffe7c2578fc:   cc cc cc cc 48 8b c1 48 8b 49 40 48 85 c9 74 0a
0x00007ffe7c25790c:   48 8b 01 48 ff a0 d8 00 00 00 48 8b 40 08 48 3b
0x00007ffe7c25791c:   05 1f b2 44 00 73 15 48 3b 05 0e b2 44 00 72 0c
0x00007ffe7c25792c:   48 8b 40 18 48 8b 00 48 8b 40 20 c3 48 8b 40 18
0x00007ffe7c25793c:   48 8b 40 20 c3 cc cc cc cc cc cc cc cc cc cc cc
0x00007ffe7c25794c:   cc cc cc cc 48 8b 41 08 48 3b 05 e5 b1 44 00 73
0x00007ffe7c25795c:   15 48 3b 05 d4 b1 44 00 72 0c 48 8b 40 18 48 8b
0x00007ffe7c25796c:   00 48 8b 40 20 c3 48 8b 40 18 48 8b 40 20 c3 cc
0x00007ffe7c25797c:   cc cc cc cc 48 8b 41 08 48 3b 05 b5 b1 44 00 73
0x00007ffe7c25798c:   15 48 3b 05 a4 b1 44 00 72 0c 48 8b 40 18 48 8b
0x00007ffe7c25799c:   00 48 8b 40 28 c3 48 8b 40 18 48 8b 40 28 c3 cc
0x00007ffe7c2579ac:   cc cc cc cc 48 83 ec 28 0f b7 51 28 8d 82 d8 fe
0x00007ffe7c2579bc:   ff ff 83 f8 05 77 0f 81 fa 28 01 00 00 74 07 32
0x00007ffe7c2579cc:   c0 48 83 c4 28 c3 48 89 5c 24 20 48 8b 59 58 48
0x00007ffe7c2579dc:   85 db 74 19 e8 1b 76 0b 00 48 3b d8 74 0f b8 01
0x00007ffe7c2579ec:   00 00 00 48 8b 5c 24 20 48 83 c4 28 c3 33 c0 48
0x00007ffe7c2579fc:   8b 5c 24 20 48 83 c4 28 c3 cc cc cc cc cc cc cc 


Stack slot to memory mapping:
stack at sp + 0 slots: 0x00007ffe7c30cfa9 jvm.dll
stack at sp + 1 slots: 0x0 is NULL
stack at sp + 2 slots: 0x000001eade311000 is a thread
stack at sp + 3 slots: 0x0 is NULL
stack at sp + 4 slots: 0x00007ffe7c30f8eb jvm.dll
stack at sp + 5 slots: 0x000001eade311000 is a thread
stack at sp + 6 slots: 0x000000508f5f8b50 is pointing into the stack for thread: 0x000001eade311000
stack at sp + 7 slots: 0x000000508f5f8b50 is pointing into the stack for thread: 0x000001eade311000


---------------  P R O C E S S  ---------------

Threads class SMR info:
_java_thread_list=0x000001eaeb6be600, length=147, elements={
0x000001eabf719000, 0x000001eada37f800, 0x000001eada389000, 0x000001eadabe3800,
0x000001eadabe6800, 0x000001eadabe8000, 0x000001eadabed000, 0x000001eadabf3800,
0x000001eadabfd000, 0x000001eadad5f800, 0x000001eadce74800, 0x000001eadaf87800,
0x000001eadce2e000, 0x000001eadd94b800, 0x000001eadd949000, 0x000001eadd94d800,
0x000001eadd949800, 0x000001eadd94a800, 0x000001eadddac000, 0x000001eadddae800,
0x000001eaddda9800, 0x000001eaddda8800, 0x000001eadddb5000, 0x000001eadbd29000,
0x000001eadbd2a000, 0x000001eadbd2a800, 0x000001eade0e9000, 0x000001eade0eb000,
0x000001eade0eb800, 0x000001eade0e6800, 0x000001eae13d2000, 0x000001eae13d1800,
0x000001eae13cc800, 0x000001eae13ce000, 0x000001eae13d4800, 0x000001eadbd9e800,
0x000001eadddb1000, 0x000001eadddb2800, 0x000001eae4ca7800, 0x000001eadddb4000,
0x000001eadddb1800, 0x000001eae4ca5000, 0x000001eae1159000, 0x000001eae115e000,
0x000001eae1161000, 0x000001eae115a000, 0x000001eadbd2c800, 0x000001eae1154000,
0x000001eadbd27800, 0x000001eade0ed000, 0x000001eadbd21800, 0x000001eadbd26800,
0x000001eade310000, 0x000001eade30e800, 0x000001eade30f800, 0x000001eade311000,
0x000001eade312000, 0x000001eade312800, 0x000001eade30e000, 0x000001eade315000,
0x000001eade317800, 0x000001eade317000, 0x000001eade318800, 0x000001eade319000,
0x000001eade31a000, 0x000001eade314800, 0x000001eade316000, 0x000001eade31b800,
0x000001eade31b000, 0x000001eade31c800, 0x000001eade322000, 0x000001eade31d800,
0x000001eade31e000, 0x000001eade31f800, 0x000001eade323000, 0x000001eade324000,
0x000001eade320800, 0x000001eade321800, 0x000001eade324800, 0x000001eade31f000,
0x000001eade326800, 0x000001eade32a800, 0x000001eade328000, 0x000001eade328800,
0x000001eade329800, 0x000001eade32b000, 0x000001eade325800, 0x000001eade32d000,
0x000001eade32c000, 0x000001eade327000, 0x000001eadbd99800, 0x000001eadbd98000,
0x000001eadbd9a800, 0x000001eadbd98800, 0x000001eadbd9b000, 0x000001eadbd97000,
0x000001eadbd9d800, 0x000001eadbd9d000, 0x000001eadbda0000, 0x000001eadbda1000,
0x000001eadbda1800, 0x000001eadbd9c000, 0x000001eadbda5000, 0x000001eadbda4000,
0x000001eadbda2800, 0x000001eadbda3800, 0x000001eadbd9f000, 0x000001eadbda6000,
0x000001eae4c9f800, 0x000001eae4c9e800, 0x000001eae4c9a800, 0x000001eae4c9d000,
0x000001eae4c9e000, 0x000001eae4c99800, 0x000001eae4ca0000, 0x000001eae4ca1000,
0x000001eae4c9b800, 0x000001eae4ca2000, 0x000001eae4c9c000, 0x000001eae4ca8800,
0x000001eae4ca2800, 0x000001eae4ca3800, 0x000001eae4ca6800, 0x000001eae4ca4800,
0x000001eae115a800, 0x000001eae1158000, 0x000001eae1157800, 0x000001eae1155000,
0x000001eae115b800, 0x000001eae115c800, 0x000001eae1156800, 0x000001eae1162000,
0x000001eae1163000, 0x000001eae1160800, 0x000001eae115f000, 0x000001eae115f800,
0x000001eadbd21000, 0x000001eadbd1d800, 0x000001eadbd20000, 0x000001eadbd22800,
0x000001eadbd23800, 0x000001eadbd24000, 0x000001eadbd1e800, 0x000001eadbd25000,
0x000001eadbd1f000, 0x000001eadbd2b800, 0x000001eadbd25800
}

Java Threads: ( => current thread )
  0x000001eabf719000 JavaThread "main" [_thread_blocked, id=5596, stack(0x000000508dd00000,0x000000508de00000)]
  0x000001eada37f800 JavaThread "Reference Handler" daemon [_thread_blocked, id=6848, stack(0x000000508e400000,0x000000508e500000)]
  0x000001eada389000 JavaThread "Finalizer" daemon [_thread_blocked, id=13168, stack(0x000000508e500000,0x000000508e600000)]
  0x000001eadabe3800 JavaThread "Signal Dispatcher" daemon [_thread_blocked, id=9584, stack(0x000000508e600000,0x000000508e700000)]
  0x000001eadabe6800 JavaThread "Attach Listener" daemon [_thread_blocked, id=13560, stack(0x000000508e700000,0x000000508e800000)]
  0x000001eadabe8000 JavaThread "Service Thread" daemon [_thread_blocked, id=11656, stack(0x000000508e800000,0x000000508e900000)]
  0x000001eadabed000 JavaThread "C2 CompilerThread0" daemon [_thread_in_native, id=14288, stack(0x000000508e900000,0x000000508ea00000)]
  0x000001eadabf3800 JavaThread "C1 CompilerThread0" daemon [_thread_blocked, id=2848, stack(0x000000508ea00000,0x000000508eb00000)]
  0x000001eadabfd000 JavaThread "Sweeper thread" daemon [_thread_blocked, id=7424, stack(0x000000508eb00000,0x000000508ec00000)]
  0x000001eadad5f800 JavaThread "Common-Cleaner" daemon [_thread_blocked, id=8084, stack(0x000000508ec00000,0x000000508ed00000)]
  0x000001eadce74800 JavaThread "Daemon health stats" [_thread_blocked, id=9728, stack(0x000000508f300000,0x000000508f400000)]
  0x000001eadaf87800 JavaThread "Incoming local TCP Connector on port 59390" [_thread_in_native, id=8520, stack(0x000000508ee00000,0x000000508ef00000)]
  0x000001eadce2e000 JavaThread "Daemon periodic checks" [_thread_blocked, id=396, stack(0x000000508f200000,0x000000508f300000)]
  0x000001eadd94b800 JavaThread "Cache worker for journal cache (C:\Users\ADMINIS\.gradle\caches\journal-1)" [_thread_blocked, id=12784, stack(0x000000508fb00000,0x000000508fc00000)]
  0x000001eadd949000 JavaThread "File lock request listener" [_thread_in_native, id=10508, stack(0x000000508fc00000,0x000000508fd00000)]
  0x000001eadd94d800 JavaThread "Cache worker for file hash cache (C:\Users\ADMINIS\.gradle\caches\7.2\fileHashes)" [_thread_blocked, id=13904, stack(0x000000508fd00000,0x000000508fe00000)]
  0x000001eadd949800 JavaThread "File watcher server" daemon [_thread_in_native, id=10552, stack(0x0000005090500000,0x0000005090600000)]
  0x000001eadd94a800 JavaThread "File watcher consumer" daemon [_thread_blocked, id=8160, stack(0x0000005090600000,0x0000005090700000)]
  0x000001eadddac000 JavaThread "Cache worker for execution history cache (C:\Users\ADMINIS\.gradle\caches\7.2\executionHistory)" [_thread_blocked, id=9768, stack(0x0000005090a00000,0x0000005090b00000)]
  0x000001eadddae800 JavaThread "jar transforms" [_thread_blocked, id=9056, stack(0x0000005090b00000,0x0000005090c00000)]
  0x000001eaddda9800 JavaThread "Cache worker for file content cache (C:\Users\ADMINIS\.gradle\caches\7.2\fileContent)" [_thread_blocked, id=7868, stack(0x0000005090c00000,0x0000005090d00000)]
  0x000001eaddda8800 JavaThread "jar transforms Thread 2" [_thread_blocked, id=1424, stack(0x0000005090d00000,0x0000005090e00000)]
  0x000001eadddb5000 JavaThread "jar transforms Thread 3" [_thread_blocked, id=8400, stack(0x0000005090f00000,0x0000005091000000)]
  0x000001eadbd29000 JavaThread "jar transforms Thread 4" [_thread_blocked, id=10980, stack(0x0000005096100000,0x0000005096200000)]
  0x000001eadbd2a000 JavaThread "jar transforms Thread 5" [_thread_blocked, id=13028, stack(0x0000005096200000,0x0000005096300000)]
  0x000001eadbd2a800 JavaThread "jar transforms Thread 6" [_thread_blocked, id=11432, stack(0x0000005096300000,0x0000005096400000)]
  0x000001eade0e9000 JavaThread "jar transforms Thread 7" [_thread_blocked, id=11812, stack(0x0000005096400000,0x0000005096500000)]
  0x000001eade0eb000 JavaThread "jar transforms Thread 8" [_thread_blocked, id=3800, stack(0x0000005096500000,0x0000005096600000)]
  0x000001eade0eb800 JavaThread "Memory manager" [_thread_blocked, id=7768, stack(0x0000005096600000,0x0000005096700000)]
  0x000001eade0e6800 JavaThread "pool-3-thread-1" [_thread_blocked, id=264, stack(0x0000005096900000,0x0000005096a00000)]
  0x000001eae13d2000 JavaThread "RMI Scheduler(0)" daemon [_thread_blocked, id=4796, stack(0x0000005097300000,0x0000005097400000)]
  0x000001eae13d1800 JavaThread "RMI GC Daemon" daemon [_thread_blocked, id=12084, stack(0x0000005097c00000,0x0000005097d00000)]
  0x000001eae13cc800 JavaThread "RMI TCP Accept-0" daemon [_thread_in_native, id=6488, stack(0x0000005097d00000,0x0000005097e00000)]
  0x000001eae13ce000 JavaThread "RMI Reaper" [_thread_blocked, id=9044, stack(0x0000005097e00000,0x0000005097f00000)]
  0x000001eae13d4800 JavaThread "Cache worker for Java compile cache (C:\Users\ADMINIS\.gradle\caches\7.2\javaCompile)" [_thread_blocked, id=2636, stack(0x000000508da00000,0x000000508db00000)]
  0x000001eadbd9e800 JavaThread "pool-8-thread-1" [_thread_blocked, id=9048, stack(0x0000005096000000,0x0000005096100000)]
  0x000001eadddb1000 JavaThread "pool-13-thread-1" [_thread_blocked, id=11796, stack(0x0000005096800000,0x0000005096900000)]
  0x000001eadddb2800 JavaThread "pool-16-thread-1" [_thread_blocked, id=13256, stack(0x0000005096a00000,0x0000005096b00000)]
  0x000001eae4ca7800 JavaThread "pool-21-thread-1" [_thread_blocked, id=10708, stack(0x0000005096b00000,0x0000005096c00000)]
  0x000001eadddb4000 JavaThread "pool-24-thread-1" [_thread_blocked, id=12520, stack(0x0000005096c00000,0x0000005096d00000)]
  0x000001eadddb1800 JavaThread "pool-29-thread-1" [_thread_blocked, id=11500, stack(0x0000005096f00000,0x0000005097000000)]
  0x000001eae4ca5000 JavaThread "pool-34-thread-1" [_thread_blocked, id=3672, stack(0x0000005096d00000,0x0000005096e00000)]
  0x000001eae1159000 JavaThread "pool-39-thread-1" [_thread_blocked, id=12788, stack(0x0000005097000000,0x0000005097100000)]
  0x000001eae115e000 JavaThread "pool-42-thread-1" [_thread_blocked, id=232, stack(0x0000005096e00000,0x0000005096f00000)]
  0x000001eae1161000 JavaThread "pool-47-thread-1" [_thread_blocked, id=12724, stack(0x0000005097200000,0x0000005097300000)]
  0x000001eae115a000 JavaThread "pool-52-thread-1" [_thread_blocked, id=14060, stack(0x0000005097100000,0x0000005097200000)]
  0x000001eadbd2c800 JavaThread "pool-57-thread-1" [_thread_blocked, id=11452, stack(0x0000005097600000,0x0000005097700000)]
  0x000001eae1154000 JavaThread "pool-62-thread-1" [_thread_blocked, id=1804, stack(0x0000005097500000,0x0000005097600000)]
  0x000001eadbd27800 JavaThread "pool-66-thread-1" [_thread_blocked, id=4844, stack(0x0000005097400000,0x0000005097500000)]
  0x000001eade0ed000 JavaThread "ForkJoinPool.commonPool-worker-13" daemon [_thread_blocked, id=4104, stack(0x0000005095f00000,0x0000005096000000)]
  0x000001eadbd21800 JavaThread "pool-71-thread-1" [_thread_blocked, id=10956, stack(0x0000005097700000,0x0000005097800000)]
  0x000001eadbd26800 JavaThread "pool-75-thread-1" [_thread_blocked, id=14096, stack(0x0000005097900000,0x0000005097a00000)]
  0x000001eade310000 JavaThread "Daemon Thread 12" [_thread_blocked, id=2092, stack(0x000000508db00000,0x000000508dc00000)]
  0x000001eade30e800 JavaThread "Handler for socket connection from /127.0.0.1:59390 to /127.0.0.1:51278" [_thread_in_native, id=7764, stack(0x000000508dc00000,0x000000508dd00000)]
  0x000001eade30f800 JavaThread "Cancel handler" [_thread_blocked, id=12508, stack(0x000000508f400000,0x000000508f500000)]
=>0x000001eade311000 JavaThread "Daemon worker Thread 12" [_thread_in_Java, id=9596, stack(0x000000508f500000,0x000000508f600000)]
  0x000001eade312000 JavaThread "Asynchronous log dispatcher for DefaultDaemonConnection: socket connection from /127.0.0.1:59390 to /127.0.0.1:51278" [_thread_blocked, id=13416, stack(0x000000508f600000,0x000000508f700000)]
  0x000001eade312800 JavaThread "Stdin handler" [_thread_blocked, id=13064, stack(0x000000508f700000,0x000000508f800000)]
  0x000001eade30e000 JavaThread "Daemon client event forwarder" [_thread_blocked, id=8260, stack(0x000000508f800000,0x000000508f900000)]
  0x000001eade315000 JavaThread "Cache worker for file hash cache (C:\Users\ADMINIS\AndroidStudioProjects\Chat\.gradle\7.2\fileHashes)" [_thread_blocked, id=3640, stack(0x000000508f900000,0x000000508fa00000)]
  0x000001eade317800 JavaThread "Cache worker for checksums cache (C:\Users\ADMINIS\AndroidStudioProjects\Chat\.gradle\checksums)" [_thread_blocked, id=2080, stack(0x000000508fa00000,0x000000508fb00000)]
  0x000001eade317000 JavaThread "Cache worker for cache directory md-supplier (C:\Users\ADMINIS\.gradle\caches\7.2\md-supplier)" [_thread_blocked, id=11524, stack(0x0000005090300000,0x0000005090400000)]
  0x000001eade318800 JavaThread "Cache worker for cache directory md-rule (C:\Users\ADMINIS\.gradle\caches\7.2\md-rule)" [_thread_blocked, id=10916, stack(0x0000005090400000,0x0000005090500000)]
  0x000001eade319000 JavaThread "Cache worker for dependencies-accessors (C:\Users\ADMINIS\AndroidStudioProjects\Chat\.gradle\7.2\dependencies-accessors)" [_thread_blocked, id=4964, stack(0x0000005090700000,0x0000005090800000)]
  0x000001eade31a000 JavaThread "Cache worker for Build Output Cleanup Cache (C:\Users\ADMINIS\AndroidStudioProjects\Chat\.gradle\buildOutputCleanup)" [_thread_blocked, id=13104, stack(0x0000005090800000,0x0000005090900000)]
  0x000001eade314800 JavaThread "Unconstrained build operations" [_thread_blocked, id=7988, stack(0x0000005090900000,0x0000005090a00000)]
  0x000001eade316000 JavaThread "Unconstrained build operations Thread 2" [_thread_blocked, id=7064, stack(0x0000005090e00000,0x0000005090f00000)]
  0x000001eade31b800 JavaThread "Unconstrained build operations Thread 3" [_thread_blocked, id=8712, stack(0x0000005091000000,0x0000005091100000)]
  0x000001eade31b000 JavaThread "Unconstrained build operations Thread 4" [_thread_blocked, id=6596, stack(0x0000005091100000,0x0000005091200000)]
  0x000001eade31c800 JavaThread "Unconstrained build operations Thread 5" [_thread_blocked, id=2220, stack(0x0000005091200000,0x0000005091300000)]
  0x000001eade322000 JavaThread "Unconstrained build operations Thread 6" [_thread_blocked, id=11240, stack(0x0000005091300000,0x0000005091400000)]
  0x000001eade31d800 JavaThread "Unconstrained build operations Thread 7" [_thread_blocked, id=7164, stack(0x0000005091400000,0x0000005091500000)]
  0x000001eade31e000 JavaThread "Unconstrained build operations Thread 8" [_thread_blocked, id=4240, stack(0x0000005091500000,0x0000005091600000)]
  0x000001eade31f800 JavaThread "Unconstrained build operations Thread 9" [_thread_blocked, id=11516, stack(0x0000005091600000,0x0000005091700000)]
  0x000001eade323000 JavaThread "Unconstrained build operations Thread 10" [_thread_blocked, id=11520, stack(0x0000005091700000,0x0000005091800000)]
  0x000001eade324000 JavaThread "Unconstrained build operations Thread 11" [_thread_blocked, id=13520, stack(0x0000005091800000,0x0000005091900000)]
  0x000001eade320800 JavaThread "Unconstrained build operations Thread 12" [_thread_blocked, id=5224, stack(0x0000005091900000,0x0000005091a00000)]
  0x000001eade321800 JavaThread "Unconstrained build operations Thread 13" [_thread_blocked, id=11004, stack(0x0000005091a00000,0x0000005091b00000)]
  0x000001eade324800 JavaThread "Unconstrained build operations Thread 14" [_thread_blocked, id=10152, stack(0x0000005091b00000,0x0000005091c00000)]
  0x000001eade31f000 JavaThread "Unconstrained build operations Thread 15" [_thread_blocked, id=13300, stack(0x0000005091c00000,0x0000005091d00000)]
  0x000001eade326800 JavaThread "Unconstrained build operations Thread 16" [_thread_blocked, id=9644, stack(0x0000005091d00000,0x0000005091e00000)]
  0x000001eade32a800 JavaThread "Unconstrained build operations Thread 17" [_thread_blocked, id=13740, stack(0x0000005091e00000,0x0000005091f00000)]
  0x000001eade328000 JavaThread "Unconstrained build operations Thread 18" [_thread_blocked, id=9224, stack(0x0000005091f00000,0x0000005092000000)]
  0x000001eade328800 JavaThread "Unconstrained build operations Thread 19" [_thread_blocked, id=13700, stack(0x0000005092000000,0x0000005092100000)]
  0x000001eade329800 JavaThread "Unconstrained build operations Thread 20" [_thread_blocked, id=2708, stack(0x0000005092100000,0x0000005092200000)]
  0x000001eade32b000 JavaThread "Unconstrained build operations Thread 21" [_thread_blocked, id=9608, stack(0x0000005092200000,0x0000005092300000)]
  0x000001eade325800 JavaThread "Unconstrained build operations Thread 22" [_thread_blocked, id=7260, stack(0x0000005092300000,0x0000005092400000)]
  0x000001eade32d000 JavaThread "Unconstrained build operations Thread 23" [_thread_blocked, id=6532, stack(0x0000005092400000,0x0000005092500000)]
  0x000001eade32c000 JavaThread "Unconstrained build operations Thread 24" [_thread_blocked, id=13484, stack(0x0000005092500000,0x0000005092600000)]
  0x000001eade327000 JavaThread "Unconstrained build operations Thread 25" [_thread_blocked, id=9676, stack(0x0000005092600000,0x0000005092700000)]
  0x000001eadbd99800 JavaThread "Unconstrained build operations Thread 26" [_thread_blocked, id=12752, stack(0x0000005092700000,0x0000005092800000)]
  0x000001eadbd98000 JavaThread "Unconstrained build operations Thread 27" [_thread_blocked, id=10516, stack(0x0000005092800000,0x0000005092900000)]
  0x000001eadbd9a800 JavaThread "Unconstrained build operations Thread 28" [_thread_blocked, id=9612, stack(0x0000005092900000,0x0000005092a00000)]
  0x000001eadbd98800 JavaThread "Unconstrained build operations Thread 29" [_thread_blocked, id=9672, stack(0x0000005092a00000,0x0000005092b00000)]
  0x000001eadbd9b000 JavaThread "Unconstrained build operations Thread 30" [_thread_blocked, id=9524, stack(0x0000005092b00000,0x0000005092c00000)]
  0x000001eadbd97000 JavaThread "Unconstrained build operations Thread 31" [_thread_blocked, id=4188, stack(0x0000005092c00000,0x0000005092d00000)]
  0x000001eadbd9d800 JavaThread "Unconstrained build operations Thread 32" [_thread_blocked, id=8364, stack(0x0000005092d00000,0x0000005092e00000)]
  0x000001eadbd9d000 JavaThread "Unconstrained build operations Thread 33" [_thread_blocked, id=12228, stack(0x0000005092e00000,0x0000005092f00000)]
  0x000001eadbda0000 JavaThread "Unconstrained build operations Thread 34" [_thread_blocked, id=4824, stack(0x0000005092f00000,0x0000005093000000)]
  0x000001eadbda1000 JavaThread "Unconstrained build operations Thread 35" [_thread_blocked, id=8360, stack(0x0000005093000000,0x0000005093100000)]
  0x000001eadbda1800 JavaThread "Unconstrained build operations Thread 36" [_thread_blocked, id=6796, stack(0x0000005093100000,0x0000005093200000)]
  0x000001eadbd9c000 JavaThread "Unconstrained build operations Thread 37" [_thread_blocked, id=5804, stack(0x0000005093200000,0x0000005093300000)]
  0x000001eadbda5000 JavaThread "Unconstrained build operations Thread 38" [_thread_blocked, id=7380, stack(0x0000005093300000,0x0000005093400000)]
  0x000001eadbda4000 JavaThread "Unconstrained build operations Thread 39" [_thread_blocked, id=7716, stack(0x0000005093400000,0x0000005093500000)]
  0x000001eadbda2800 JavaThread "Unconstrained build operations Thread 40" [_thread_blocked, id=5728, stack(0x0000005093500000,0x0000005093600000)]
  0x000001eadbda3800 JavaThread "Unconstrained build operations Thread 41" [_thread_blocked, id=4032, stack(0x0000005093600000,0x0000005093700000)]
  0x000001eadbd9f000 JavaThread "Unconstrained build operations Thread 42" [_thread_blocked, id=1200, stack(0x0000005093700000,0x0000005093800000)]
  0x000001eadbda6000 JavaThread "Unconstrained build operations Thread 43" [_thread_blocked, id=11772, stack(0x0000005093800000,0x0000005093900000)]
  0x000001eae4c9f800 JavaThread "Unconstrained build operations Thread 44" [_thread_blocked, id=6952, stack(0x0000005093900000,0x0000005093a00000)]
  0x000001eae4c9e800 JavaThread "Unconstrained build operations Thread 45" [_thread_blocked, id=13820, stack(0x0000005093a00000,0x0000005093b00000)]
  0x000001eae4c9a800 JavaThread "Unconstrained build operations Thread 46" [_thread_blocked, id=8556, stack(0x0000005093b00000,0x0000005093c00000)]
  0x000001eae4c9d000 JavaThread "Unconstrained build operations Thread 47" [_thread_blocked, id=2380, stack(0x0000005093c00000,0x0000005093d00000)]
  0x000001eae4c9e000 JavaThread "Unconstrained build operations Thread 48" [_thread_blocked, id=12828, stack(0x0000005093d00000,0x0000005093e00000)]
  0x000001eae4c99800 JavaThread "Unconstrained build operations Thread 49" [_thread_blocked, id=8776, stack(0x0000005093e00000,0x0000005093f00000)]
  0x000001eae4ca0000 JavaThread "Unconstrained build operations Thread 50" [_thread_blocked, id=6456, stack(0x0000005093f00000,0x0000005094000000)]
  0x000001eae4ca1000 JavaThread "Unconstrained build operations Thread 51" [_thread_blocked, id=12376, stack(0x0000005094000000,0x0000005094100000)]
  0x000001eae4c9b800 JavaThread "Unconstrained build operations Thread 52" [_thread_blocked, id=768, stack(0x0000005094100000,0x0000005094200000)]
  0x000001eae4ca2000 JavaThread "Unconstrained build operations Thread 53" [_thread_blocked, id=8960, stack(0x0000005094200000,0x0000005094300000)]
  0x000001eae4c9c000 JavaThread "Unconstrained build operations Thread 54" [_thread_blocked, id=9276, stack(0x0000005094300000,0x0000005094400000)]
  0x000001eae4ca8800 JavaThread "Unconstrained build operations Thread 55" [_thread_blocked, id=2784, stack(0x0000005094400000,0x0000005094500000)]
  0x000001eae4ca2800 JavaThread "Unconstrained build operations Thread 56" [_thread_blocked, id=1744, stack(0x0000005094500000,0x0000005094600000)]
  0x000001eae4ca3800 JavaThread "Unconstrained build operations Thread 57" [_thread_blocked, id=6600, stack(0x0000005094600000,0x0000005094700000)]
  0x000001eae4ca6800 JavaThread "Unconstrained build operations Thread 58" [_thread_blocked, id=6720, stack(0x0000005094700000,0x0000005094800000)]
  0x000001eae4ca4800 JavaThread "Unconstrained build operations Thread 59" [_thread_blocked, id=6036, stack(0x0000005094800000,0x0000005094900000)]
  0x000001eae115a800 JavaThread "Unconstrained build operations Thread 60" [_thread_blocked, id=1484, stack(0x0000005094900000,0x0000005094a00000)]
  0x000001eae1158000 JavaThread "Unconstrained build operations Thread 61" [_thread_blocked, id=2404, stack(0x0000005094a00000,0x0000005094b00000)]
  0x000001eae1157800 JavaThread "Unconstrained build operations Thread 62" [_thread_blocked, id=9804, stack(0x0000005094b00000,0x0000005094c00000)]
  0x000001eae1155000 JavaThread "Unconstrained build operations Thread 63" [_thread_blocked, id=3612, stack(0x0000005094c00000,0x0000005094d00000)]
  0x000001eae115b800 JavaThread "Unconstrained build operations Thread 64" [_thread_blocked, id=2504, stack(0x0000005094d00000,0x0000005094e00000)]
  0x000001eae115c800 JavaThread "Unconstrained build operations Thread 65" [_thread_blocked, id=6364, stack(0x0000005094e00000,0x0000005094f00000)]
  0x000001eae1156800 JavaThread "Unconstrained build operations Thread 66" [_thread_blocked, id=3176, stack(0x0000005094f00000,0x0000005095000000)]
  0x000001eae1162000 JavaThread "Unconstrained build operations Thread 67" [_thread_blocked, id=8692, stack(0x0000005095000000,0x0000005095100000)]
  0x000001eae1163000 JavaThread "Unconstrained build operations Thread 68" [_thread_blocked, id=8488, stack(0x0000005095100000,0x0000005095200000)]
  0x000001eae1160800 JavaThread "Unconstrained build operations Thread 69" [_thread_blocked, id=11012, stack(0x0000005095200000,0x0000005095300000)]
  0x000001eae115f000 JavaThread "Unconstrained build operations Thread 70" [_thread_blocked, id=7980, stack(0x0000005095300000,0x0000005095400000)]
  0x000001eae115f800 JavaThread "Unconstrained build operations Thread 71" [_thread_blocked, id=11780, stack(0x0000005095400000,0x0000005095500000)]
  0x000001eadbd21000 JavaThread "Unconstrained build operations Thread 72" [_thread_blocked, id=10720, stack(0x0000005095500000,0x0000005095600000)]
  0x000001eadbd1d800 JavaThread "Unconstrained build operations Thread 73" [_thread_blocked, id=12000, stack(0x0000005095600000,0x0000005095700000)]
  0x000001eadbd20000 JavaThread "Unconstrained build operations Thread 74" [_thread_blocked, id=7564, stack(0x0000005095700000,0x0000005095800000)]
  0x000001eadbd22800 JavaThread "Unconstrained build operations Thread 75" [_thread_blocked, id=5144, stack(0x0000005095800000,0x0000005095900000)]
  0x000001eadbd23800 JavaThread "Unconstrained build operations Thread 76" [_thread_blocked, id=2232, stack(0x0000005095900000,0x0000005095a00000)]
  0x000001eadbd24000 JavaThread "Unconstrained build operations Thread 77" [_thread_blocked, id=4164, stack(0x0000005095a00000,0x0000005095b00000)]
  0x000001eadbd1e800 JavaThread "Unconstrained build operations Thread 78" [_thread_blocked, id=7032, stack(0x0000005095b00000,0x0000005095c00000)]
  0x000001eadbd25000 JavaThread "Unconstrained build operations Thread 79" [_thread_blocked, id=8720, stack(0x0000005095c00000,0x0000005095d00000)]
  0x000001eadbd1f000 JavaThread "Unconstrained build operations Thread 80" [_thread_blocked, id=11852, stack(0x0000005095d00000,0x0000005095e00000)]
  0x000001eadbd2b800 JavaThread "C2 CompilerThread1" daemon [_thread_in_native, id=13892, stack(0x0000005095e00000,0x0000005095f00000)]
  0x000001eadbd25800 JavaThread "C2 CompilerThread2" daemon [_thread_in_native, id=11828, stack(0x0000005096700000,0x0000005096800000)]

Other Threads:
  0x000001eadab96000 VMThread "VM Thread" [stack: 0x000000508e300000,0x000000508e400000] [id=11848]
  0x000001eadadd8800 WatcherThread [stack: 0x000000508ed00000,0x000000508ee00000] [id=14212]
  0x000001eabf732000 GCTaskThread "GC Thread#0" [stack: 0x000000508de00000,0x000000508df00000] [id=5104]
  0x000001eadb99f000 GCTaskThread "GC Thread#1" [stack: 0x000000508ef00000,0x000000508f000000] [id=10996]
  0x000001eadb3a6000 GCTaskThread "GC Thread#2" [stack: 0x000000508f000000,0x000000508f100000] [id=6212]
  0x000001eadbd86000 GCTaskThread "GC Thread#3" [stack: 0x000000508f100000,0x000000508f200000] [id=12736]
  0x000001eadd6bb000 GCTaskThread "GC Thread#4" [stack: 0x000000508fe00000,0x000000508ff00000] [id=14188]
  0x000001eadd6b9800 GCTaskThread "GC Thread#5" [stack: 0x000000508ff00000,0x0000005090000000] [id=13816]
  0x000001eadb504800 GCTaskThread "GC Thread#6" [stack: 0x0000005090000000,0x0000005090100000] [id=5920]
  0x000001eadce73800 GCTaskThread "GC Thread#7" [stack: 0x0000005090100000,0x0000005090200000] [id=7052]
  0x000001eabf764800 ConcurrentGCThread "G1 Main Marker" [stack: 0x000000508df00000,0x000000508e000000] [id=3936]
  0x000001eabf765800 ConcurrentGCThread "G1 Conc#0" [stack: 0x000000508e000000,0x000000508e100000] [id=14196]
  0x000001eadbc2c000 ConcurrentGCThread "G1 Conc#1" [stack: 0x0000005090200000,0x0000005090300000] [id=7916]
  0x000001eada1ce800 ConcurrentGCThread "G1 Refine#0" [stack: 0x000000508e100000,0x000000508e200000] [id=13024]
  0x000001eabf7fd800 ConcurrentGCThread "G1 Young RemSet Sampling" [stack: 0x000000508e200000,0x000000508e300000] [id=13992]

Threads with active compile tasks:
C2 CompilerThread03321462 32567       4       org.gradle.internal.resolve.resolver.DefaultArtifactSelector::resolveArtifacts (83 bytes)
C2 CompilerThread13321462 32569       4       org.gradle.api.internal.artifacts.type.DefaultArtifactTypeRegistry::mapAttributesFor (202 bytes)
C2 CompilerThread23321462 32602       4       org.gradle.api.internal.tasks.DefaultTaskContainer::registerTask (69 bytes)

VM state:not at safepoint (normal execution)

VM Mutex/Monitor currently owned by a thread: None

Heap address: 0x0000000080000000, size: 2048 MB, Compressed Oops mode: 32-bit
Narrow klass base: 0x0000000000000000, Narrow klass shift: 3
Compressed class space size: 1073741824 Address: 0x0000000100000000

Heap:
 garbage-first heap   total 254976K, used 150509K [0x0000000080000000, 0x0000000100000000)
  region size 1024K, 8 young (8192K), 2 survivors (2048K)
 Metaspace       used 148414K, capacity 154067K, committed 154444K, reserved 1183744K
  class space    used 18197K, capacity 20166K, committed 20300K, reserved 1048576K
Heap Regions: E=young(eden), S=young(survivor), O=old, HS=humongous(starts), HC=humongous(continues), CS=collection set, F=free, A=archive, TAMS=top-at-mark-start (previous, next)
|   0|0x0000000080000000, 0x0000000080100000, 0x0000000080100000|100%| O|  |TAMS 0x0000000080100000, 0x0000000080000000| Untracked 
|   1|0x0000000080100000, 0x0000000080200000, 0x0000000080200000|100%| O|  |TAMS 0x0000000080200000, 0x0000000080100000| Untracked 
|   2|0x0000000080200000, 0x0000000080300000, 0x0000000080300000|100%| O|  |TAMS 0x0000000080300000, 0x0000000080200000| Untracked 
|   3|0x0000000080300000, 0x0000000080400000, 0x0000000080400000|100%|HS|  |TAMS 0x0000000080400000, 0x0000000080300000| Complete 
|   4|0x0000000080400000, 0x0000000080500000, 0x0000000080500000|100%|HC|  |TAMS 0x0000000080500000, 0x0000000080400000| Complete 
|   5|0x0000000080500000, 0x0000000080600000, 0x0000000080600000|100%|HC|  |TAMS 0x0000000080600000, 0x0000000080500000| Complete 
|   6|0x0000000080600000, 0x0000000080700000, 0x0000000080700000|100%| O|  |TAMS 0x0000000080700000, 0x0000000080600000| Untracked 
|   7|0x0000000080700000, 0x0000000080800000, 0x0000000080800000|100%| O|  |TAMS 0x0000000080800000, 0x0000000080700000| Untracked 
|   8|0x0000000080800000, 0x0000000080900000, 0x0000000080900000|100%| O|  |TAMS 0x0000000080900000, 0x0000000080800000| Untracked 
|   9|0x0000000080900000, 0x0000000080a00000, 0x0000000080a00000|100%| O|  |TAMS 0x0000000080a00000, 0x0000000080900000| Untracked 
|  10|0x0000000080a00000, 0x0000000080b00000, 0x0000000080b00000|100%| O|  |TAMS 0x0000000080b00000, 0x0000000080a00000| Untracked 
|  11|0x0000000080b00000, 0x0000000080c00000, 0x0000000080c00000|100%| O|  |TAMS 0x0000000080c00000, 0x0000000080b00000| Untracked 
|  12|0x0000000080c00000, 0x0000000080d00000, 0x0000000080d00000|100%| O|  |TAMS 0x0000000080d00000, 0x0000000080c00000| Untracked 
|  13|0x0000000080d00000, 0x0000000080e00000, 0x0000000080e00000|100%| O|  |TAMS 0x0000000080e00000, 0x0000000080d00000| Untracked 
|  14|0x0000000080e00000, 0x0000000080f00000, 0x0000000080f00000|100%| O|  |TAMS 0x0000000080f00000, 0x0000000080e00000| Untracked 
|  15|0x0000000080f00000, 0x0000000081000000, 0x0000000081000000|100%| O|  |TAMS 0x0000000081000000, 0x0000000080f00000| Untracked 
|  16|0x0000000081000000, 0x0000000081100000, 0x0000000081100000|100%| O|  |TAMS 0x0000000081100000, 0x0000000081000000| Untracked 
|  17|0x0000000081100000, 0x0000000081200000, 0x0000000081200000|100%|HS|  |TAMS 0x0000000081200000, 0x0000000081100000| Complete 
|  18|0x0000000081200000, 0x0000000081300000, 0x0000000081300000|100%| O|  |TAMS 0x0000000081300000, 0x0000000081200000| Untracked 
|  19|0x0000000081300000, 0x0000000081400000, 0x0000000081400000|100%| O|  |TAMS 0x0000000081400000, 0x0000000081300000| Untracked 
|  20|0x0000000081400000, 0x0000000081500000, 0x0000000081500000|100%| O|  |TAMS 0x0000000081500000, 0x0000000081400000| Untracked 
|  21|0x0000000081500000, 0x0000000081600000, 0x0000000081600000|100%| O|  |TAMS 0x0000000081600000, 0x0000000081500000| Untracked 
|  22|0x0000000081600000, 0x0000000081700000, 0x0000000081700000|100%| O|  |TAMS 0x0000000081700000, 0x0000000081600000| Untracked 
|  23|0x0000000081700000, 0x0000000081800000, 0x0000000081800000|100%| O|  |TAMS 0x0000000081800000, 0x0000000081700000| Untracked 
|  24|0x0000000081800000, 0x0000000081900000, 0x0000000081900000|100%|HS|  |TAMS 0x0000000081900000, 0x0000000081800000| Complete 
|  25|0x0000000081900000, 0x0000000081a00000, 0x0000000081a00000|100%|HS|  |TAMS 0x0000000081a00000, 0x0000000081900000| Complete 
|  26|0x0000000081a00000, 0x0000000081b00000, 0x0000000081b00000|100%|HS|  |TAMS 0x0000000081b00000, 0x0000000081a00000| Complete 
|  27|0x0000000081b00000, 0x0000000081c00000, 0x0000000081c00000|100%|HS|  |TAMS 0x0000000081c00000, 0x0000000081b00000| Complete 
|  28|0x0000000081c00000, 0x0000000081d00000, 0x0000000081d00000|100%|HC|  |TAMS 0x0000000081d00000, 0x0000000081c00000| Complete 
|  29|0x0000000081d00000, 0x0000000081e00000, 0x0000000081e00000|100%|HC|  |TAMS 0x0000000081e00000, 0x0000000081d00000| Complete 
|  30|0x0000000081e00000, 0x0000000081f00000, 0x0000000081f00000|100%|HS|  |TAMS 0x0000000081f00000, 0x0000000081e00000| Complete 
|  31|0x0000000081f00000, 0x0000000082000000, 0x0000000082000000|100%|HC|  |TAMS 0x0000000082000000, 0x0000000081f00000| Complete 
|  32|0x0000000082000000, 0x0000000082100000, 0x0000000082100000|100%| O|  |TAMS 0x0000000082100000, 0x0000000082000000| Untracked 
|  33|0x0000000082100000, 0x0000000082200000, 0x0000000082200000|100%| O|  |TAMS 0x0000000082200000, 0x0000000082100000| Untracked 
|  34|0x0000000082200000, 0x0000000082300000, 0x0000000082300000|100%| O|  |TAMS 0x0000000082300000, 0x0000000082200000| Untracked 
|  35|0x0000000082300000, 0x0000000082400000, 0x0000000082400000|100%| O|  |TAMS 0x0000000082400000, 0x0000000082300000| Untracked 
|  36|0x0000000082400000, 0x0000000082400000, 0x0000000082500000|  0%| F|  |TAMS 0x0000000082400000, 0x0000000082400000| Untracked 
|  37|0x0000000082500000, 0x0000000082600000, 0x0000000082600000|100%| O|  |TAMS 0x0000000082600000, 0x0000000082500000| Untracked 
|  38|0x0000000082600000, 0x0000000082700000, 0x0000000082700000|100%| O|  |TAMS 0x0000000082700000, 0x0000000082600000| Untracked 
|  39|0x0000000082700000, 0x0000000082800000, 0x0000000082800000|100%| O|  |TAMS 0x0000000082800000, 0x0000000082700000| Untracked 
|  40|0x0000000082800000, 0x0000000082900000, 0x0000000082900000|100%| O|  |TAMS 0x0000000082900000, 0x0000000082800000| Untracked 
|  41|0x0000000082900000, 0x0000000082a00000, 0x0000000082a00000|100%| O|  |TAMS 0x0000000082a00000, 0x0000000082900000| Untracked 
|  42|0x0000000082a00000, 0x0000000082b00000, 0x0000000082b00000|100%| O|  |TAMS 0x0000000082b00000, 0x0000000082a00000| Untracked 
|  43|0x0000000082b00000, 0x0000000082c00000, 0x0000000082c00000|100%| O|  |TAMS 0x0000000082c00000, 0x0000000082b00000| Untracked 
|  44|0x0000000082c00000, 0x0000000082d00000, 0x0000000082d00000|100%| O|  |TAMS 0x0000000082d00000, 0x0000000082c00000| Untracked 
|  45|0x0000000082d00000, 0x0000000082e00000, 0x0000000082e00000|100%| O|  |TAMS 0x0000000082e00000, 0x0000000082d00000| Untracked 
|  46|0x0000000082e00000, 0x0000000082f00000, 0x0000000082f00000|100%| O|  |TAMS 0x0000000082f00000, 0x0000000082e00000| Untracked 
|  47|0x0000000082f00000, 0x0000000083000000, 0x0000000083000000|100%| O|  |TAMS 0x0000000083000000, 0x0000000082f00000| Untracked 
|  48|0x0000000083000000, 0x0000000083100000, 0x0000000083100000|100%| O|  |TAMS 0x0000000083100000, 0x0000000083000000| Untracked 
|  49|0x0000000083100000, 0x0000000083200000, 0x0000000083200000|100%| O|  |TAMS 0x0000000083200000, 0x0000000083100000| Untracked 
|  50|0x0000000083200000, 0x0000000083300000, 0x0000000083300000|100%| O|  |TAMS 0x0000000083300000, 0x0000000083200000| Untracked 
|  51|0x0000000083300000, 0x0000000083400000, 0x0000000083400000|100%| O|  |TAMS 0x0000000083400000, 0x0000000083300000| Untracked 
|  52|0x0000000083400000, 0x0000000083500000, 0x0000000083500000|100%| O|  |TAMS 0x0000000083500000, 0x0000000083400000| Untracked 
|  53|0x0000000083500000, 0x0000000083600000, 0x0000000083600000|100%| O|  |TAMS 0x0000000083600000, 0x0000000083500000| Untracked 
|  54|0x0000000083600000, 0x0000000083700000, 0x0000000083700000|100%| O|  |TAMS 0x0000000083700000, 0x0000000083600000| Untracked 
|  55|0x0000000083700000, 0x0000000083800000, 0x0000000083800000|100%| O|  |TAMS 0x0000000083800000, 0x0000000083700000| Untracked 
|  56|0x0000000083800000, 0x0000000083900000, 0x0000000083900000|100%| O|  |TAMS 0x0000000083900000, 0x0000000083800000| Untracked 
|  57|0x0000000083900000, 0x0000000083a00000, 0x0000000083a00000|100%| O|  |TAMS 0x0000000083a00000, 0x0000000083900000| Untracked 
|  58|0x0000000083a00000, 0x0000000083b00000, 0x0000000083b00000|100%| O|  |TAMS 0x0000000083b00000, 0x0000000083a00000| Untracked 
|  59|0x0000000083b00000, 0x0000000083c00000, 0x0000000083c00000|100%| O|  |TAMS 0x0000000083c00000, 0x0000000083b00000| Untracked 
|  60|0x0000000083c00000, 0x0000000083d00000, 0x0000000083d00000|100%| O|  |TAMS 0x0000000083d00000, 0x0000000083c00000| Untracked 
|  61|0x0000000083d00000, 0x0000000083e00000, 0x0000000083e00000|100%| O|  |TAMS 0x0000000083e00000, 0x0000000083d00000| Untracked 
|  62|0x0000000083e00000, 0x0000000083e00000, 0x0000000083f00000|  0%| F|  |TAMS 0x0000000083e00000, 0x0000000083e00000| Untracked 
|  63|0x0000000083f00000, 0x0000000084000000, 0x0000000084000000|100%| O|  |TAMS 0x0000000084000000, 0x0000000083f00000| Untracked 
|  64|0x0000000084000000, 0x0000000084100000, 0x0000000084100000|100%| O|  |TAMS 0x0000000084100000, 0x0000000084000000| Untracked 
|  65|0x0000000084100000, 0x0000000084200000, 0x0000000084200000|100%| O|  |TAMS 0x0000000084200000, 0x0000000084100000| Untracked 
|  66|0x0000000084200000, 0x0000000084300000, 0x0000000084300000|100%| O|  |TAMS 0x0000000084300000, 0x0000000084200000| Untracked 
|  67|0x0000000084300000, 0x0000000084400000, 0x0000000084400000|100%| O|  |TAMS 0x0000000084400000, 0x0000000084300000| Untracked 
|  68|0x0000000084400000, 0x0000000084500000, 0x0000000084500000|100%| O|  |TAMS 0x0000000084500000, 0x0000000084400000| Untracked 
|  69|0x0000000084500000, 0x0000000084600000, 0x0000000084600000|100%| O|  |TAMS 0x0000000084600000, 0x0000000084500000| Untracked 
|  70|0x0000000084600000, 0x0000000084700000, 0x0000000084700000|100%| O|  |TAMS 0x0000000084700000, 0x0000000084600000| Untracked 
|  71|0x0000000084700000, 0x0000000084800000, 0x0000000084800000|100%| O|  |TAMS 0x0000000084800000, 0x0000000084700000| Untracked 
|  72|0x0000000084800000, 0x0000000084900000, 0x0000000084900000|100%| O|  |TAMS 0x0000000084900000, 0x0000000084800000| Untracked 
|  73|0x0000000084900000, 0x0000000084a00000, 0x0000000084a00000|100%| O|  |TAMS 0x0000000084a00000, 0x0000000084900000| Untracked 
|  74|0x0000000084a00000, 0x0000000084b00000, 0x0000000084b00000|100%| O|  |TAMS 0x0000000084b00000, 0x0000000084a00000| Untracked 
|  75|0x0000000084b00000, 0x0000000084c00000, 0x0000000084c00000|100%| O|  |TAMS 0x0000000084c00000, 0x0000000084b00000| Untracked 
|  76|0x0000000084c00000, 0x0000000084c00000, 0x0000000084d00000|  0%| F|  |TAMS 0x0000000084c00000, 0x0000000084c00000| Untracked 
|  77|0x0000000084d00000, 0x0000000084d00000, 0x0000000084e00000|  0%| F|  |TAMS 0x0000000084d00000, 0x0000000084d00000| Untracked 
|  78|0x0000000084e00000, 0x0000000084f00000, 0x0000000084f00000|100%| O|  |TAMS 0x0000000084f00000, 0x0000000084e00000| Untracked 
|  79|0x0000000084f00000, 0x0000000085000000, 0x0000000085000000|100%| O|  |TAMS 0x0000000085000000, 0x0000000084f00000| Untracked 
|  80|0x0000000085000000, 0x0000000085000000, 0x0000000085100000|  0%| F|  |TAMS 0x0000000085000000, 0x0000000085000000| Untracked 
|  81|0x0000000085100000, 0x0000000085200000, 0x0000000085200000|100%| O|  |TAMS 0x0000000085200000, 0x0000000085100000| Untracked 
|  82|0x0000000085200000, 0x0000000085300000, 0x0000000085300000|100%| O|  |TAMS 0x0000000085300000, 0x0000000085200000| Untracked 
|  83|0x0000000085300000, 0x0000000085300000, 0x0000000085400000|  0%| F|  |TAMS 0x0000000085300000, 0x0000000085300000| Untracked 
|  84|0x0000000085400000, 0x0000000085500000, 0x0000000085500000|100%| O|  |TAMS 0x0000000085500000, 0x0000000085400000| Untracked 
|  85|0x0000000085500000, 0x0000000085600000, 0x0000000085600000|100%| O|  |TAMS 0x0000000085600000, 0x0000000085500000| Untracked 
|  86|0x0000000085600000, 0x0000000085700000, 0x0000000085700000|100%| O|  |TAMS 0x0000000085700000, 0x0000000085600000| Untracked 
|  87|0x0000000085700000, 0x0000000085800000, 0x0000000085800000|100%| O|  |TAMS 0x0000000085800000, 0x0000000085700000| Untracked 
|  88|0x0000000085800000, 0x0000000085800000, 0x0000000085900000|  0%| F|  |TAMS 0x0000000085800000, 0x0000000085800000| Untracked 
|  89|0x0000000085900000, 0x0000000085a00000, 0x0000000085a00000|100%| O|  |TAMS 0x0000000085a00000, 0x0000000085900000| Untracked 
|  90|0x0000000085a00000, 0x0000000085b00000, 0x0000000085b00000|100%| O|  |TAMS 0x0000000085b00000, 0x0000000085a00000| Untracked 
|  91|0x0000000085b00000, 0x0000000085c00000, 0x0000000085c00000|100%| O|  |TAMS 0x0000000085c00000, 0x0000000085b00000| Untracked 
|  92|0x0000000085c00000, 0x0000000085c00000, 0x0000000085d00000|  0%| F|  |TAMS 0x0000000085c00000, 0x0000000085c00000| Untracked 
|  93|0x0000000085d00000, 0x0000000085e00000, 0x0000000085e00000|100%| O|  |TAMS 0x0000000085e00000, 0x0000000085d00000| Untracked 
|  94|0x0000000085e00000, 0x0000000085f00000, 0x0000000085f00000|100%| O|  |TAMS 0x0000000085f00000, 0x0000000085e00000| Untracked 
|  95|0x0000000085f00000, 0x0000000086000000, 0x0000000086000000|100%| O|  |TAMS 0x0000000086000000, 0x0000000085f00000| Untracked 
|  96|0x0000000086000000, 0x0000000086100000, 0x0000000086100000|100%| O|  |TAMS 0x0000000086100000, 0x0000000086000000| Untracked 
|  97|0x0000000086100000, 0x0000000086200000, 0x0000000086200000|100%| O|  |TAMS 0x0000000086200000, 0x0000000086100000| Untracked 
|  98|0x0000000086200000, 0x0000000086200000, 0x0000000086300000|  0%| F|  |TAMS 0x0000000086200000, 0x0000000086200000| Untracked 
|  99|0x0000000086300000, 0x0000000086400000, 0x0000000086400000|100%| O|  |TAMS 0x0000000086400000, 0x0000000086300000| Untracked 
| 100|0x0000000086400000, 0x0000000086500000, 0x0000000086500000|100%| O|  |TAMS 0x0000000086400000, 0x0000000086400000| Untracked 
| 101|0x0000000086500000, 0x0000000086600000, 0x0000000086600000|100%| O|  |TAMS 0x0000000086600000, 0x0000000086500000| Untracked 
| 102|0x0000000086600000, 0x0000000086700000, 0x0000000086700000|100%| O|  |TAMS 0x0000000086700000, 0x0000000086600000| Untracked 
| 103|0x0000000086700000, 0x0000000086800000, 0x0000000086800000|100%| O|  |TAMS 0x0000000086700000, 0x0000000086700000| Untracked 
| 104|0x0000000086800000, 0x0000000086900000, 0x0000000086900000|100%| O|  |TAMS 0x0000000086800000, 0x0000000086800000| Untracked 
| 105|0x0000000086900000, 0x0000000086a00000, 0x0000000086a00000|100%| O|  |TAMS 0x0000000086a00000, 0x0000000086900000| Untracked 
| 106|0x0000000086a00000, 0x0000000086b00000, 0x0000000086b00000|100%| O|  |TAMS 0x0000000086b00000, 0x0000000086a00000| Untracked 
| 107|0x0000000086b00000, 0x0000000086c00000, 0x0000000086c00000|100%| O|  |TAMS 0x0000000086c00000, 0x0000000086b00000| Untracked 
| 108|0x0000000086c00000, 0x0000000086d00000, 0x0000000086d00000|100%| O|  |TAMS 0x0000000086d00000, 0x0000000086c00000| Untracked 
| 109|0x0000000086d00000, 0x0000000086e00000, 0x0000000086e00000|100%| O|  |TAMS 0x0000000086e00000, 0x0000000086d00000| Untracked 
| 110|0x0000000086e00000, 0x0000000086f00000, 0x0000000086f00000|100%| O|  |TAMS 0x0000000086e00000, 0x0000000086e00000| Untracked 
| 111|0x0000000086f00000, 0x0000000087000000, 0x0000000087000000|100%| O|  |TAMS 0x0000000086f00000, 0x0000000086f00000| Untracked 
| 112|0x0000000087000000, 0x0000000087000000, 0x0000000087100000|  0%| F|  |TAMS 0x0000000087000000, 0x0000000087000000| Untracked 
| 113|0x0000000087100000, 0x0000000087200000, 0x0000000087200000|100%| O|  |TAMS 0x0000000087200000, 0x0000000087100000| Untracked 
| 114|0x0000000087200000, 0x0000000087300000, 0x0000000087300000|100%| O|  |TAMS 0x0000000087300000, 0x0000000087200000| Untracked 
| 115|0x0000000087300000, 0x0000000087300000, 0x0000000087400000|  0%| F|  |TAMS 0x0000000087300000, 0x0000000087300000| Untracked 
| 116|0x0000000087400000, 0x0000000087400000, 0x0000000087500000|  0%| F|  |TAMS 0x0000000087400000, 0x0000000087400000| Untracked 
| 117|0x0000000087500000, 0x0000000087600000, 0x0000000087600000|100%| O|  |TAMS 0x0000000087600000, 0x0000000087500000| Untracked 
| 118|0x0000000087600000, 0x0000000087600000, 0x0000000087700000|  0%| F|  |TAMS 0x0000000087600000, 0x0000000087600000| Untracked 
| 119|0x0000000087700000, 0x0000000087800000, 0x0000000087800000|100%| O|  |TAMS 0x0000000087800000, 0x0000000087700000| Untracked 
| 120|0x0000000087800000, 0x0000000087900000, 0x0000000087900000|100%| O|  |TAMS 0x0000000087900000, 0x0000000087800000| Untracked 
| 121|0x0000000087900000, 0x0000000087a00000, 0x0000000087a00000|100%| O|  |TAMS 0x0000000087a00000, 0x0000000087900000| Untracked 
| 122|0x0000000087a00000, 0x0000000087b00000, 0x0000000087b00000|100%| O|  |TAMS 0x0000000087b00000, 0x0000000087a00000| Untracked 
| 123|0x0000000087b00000, 0x0000000087c00000, 0x0000000087c00000|100%| O|  |TAMS 0x0000000087c00000, 0x0000000087b00000| Untracked 
| 124|0x0000000087c00000, 0x0000000087d00000, 0x0000000087d00000|100%| O|  |TAMS 0x0000000087d00000, 0x0000000087c00000| Untracked 
| 125|0x0000000087d00000, 0x0000000087e00000, 0x0000000087e00000|100%| O|  |TAMS 0x0000000087e00000, 0x0000000087d00000| Untracked 
| 126|0x0000000087e00000, 0x0000000087f00000, 0x0000000087f00000|100%| O|  |TAMS 0x0000000087f00000, 0x0000000087e00000| Untracked 
| 127|0x0000000087f00000, 0x0000000088000000, 0x0000000088000000|100%| O|  |TAMS 0x0000000088000000, 0x0000000087f00000| Untracked 
| 128|0x0000000088000000, 0x0000000088100000, 0x0000000088100000|100%| O|  |TAMS 0x0000000088100000, 0x0000000088000000| Untracked 
| 129|0x0000000088100000, 0x0000000088200000, 0x0000000088200000|100%| O|  |TAMS 0x0000000088200000, 0x0000000088100000| Untracked 
| 130|0x0000000088200000, 0x0000000088300000, 0x0000000088300000|100%| O|  |TAMS 0x0000000088300000, 0x0000000088200000| Untracked 
| 131|0x0000000088300000, 0x0000000088400000, 0x0000000088400000|100%| O|  |TAMS 0x0000000088400000, 0x0000000088300000| Untracked 
| 132|0x0000000088400000, 0x0000000088500000, 0x0000000088500000|100%| O|  |TAMS 0x0000000088500000, 0x0000000088400000| Untracked 
| 133|0x0000000088500000, 0x0000000088600000, 0x0000000088600000|100%| O|  |TAMS 0x0000000088600000, 0x0000000088500000| Untracked 
| 134|0x0000000088600000, 0x0000000088700000, 0x0000000088700000|100%| O|  |TAMS 0x0000000088700000, 0x0000000088600000| Untracked 
| 135|0x0000000088700000, 0x0000000088800000, 0x0000000088800000|100%| O|  |TAMS 0x0000000088800000, 0x0000000088700000| Untracked 
| 136|0x0000000088800000, 0x0000000088900000, 0x0000000088900000|100%| O|  |TAMS 0x0000000088900000, 0x0000000088800000| Untracked 
| 137|0x0000000088900000, 0x0000000088a00000, 0x0000000088a00000|100%| O|  |TAMS 0x0000000088a00000, 0x0000000088900000| Untracked 
| 138|0x0000000088a00000, 0x0000000088b00000, 0x0000000088b00000|100%| O|  |TAMS 0x0000000088b00000, 0x0000000088a00000| Untracked 
| 139|0x0000000088b00000, 0x0000000088b00000, 0x0000000088c00000|  0%| F|  |TAMS 0x0000000088b00000, 0x0000000088b00000| Untracked 
| 140|0x0000000088c00000, 0x0000000088c00000, 0x0000000088d00000|  0%| F|  |TAMS 0x0000000088c00000, 0x0000000088c00000| Untracked 
| 141|0x0000000088d00000, 0x0000000088d00000, 0x0000000088e00000|  0%| F|  |TAMS 0x0000000088d00000, 0x0000000088d00000| Untracked 
| 142|0x0000000088e00000, 0x0000000088f00000, 0x0000000088f00000|100%| O|  |TAMS 0x0000000088f00000, 0x0000000088e00000| Untracked 
| 143|0x0000000088f00000, 0x0000000089000000, 0x0000000089000000|100%| O|  |TAMS 0x0000000088f4f400, 0x0000000088f00000| Untracked 
| 144|0x0000000089000000, 0x000000008907f000, 0x0000000089100000| 49%| O|  |TAMS 0x0000000089000000, 0x0000000089000000| Untracked 
| 145|0x0000000089100000, 0x0000000089100000, 0x0000000089200000|  0%| F|  |TAMS 0x0000000089100000, 0x0000000089100000| Untracked 
| 146|0x0000000089200000, 0x0000000089200000, 0x0000000089300000|  0%| F|  |TAMS 0x0000000089200000, 0x0000000089200000| Untracked 
| 147|0x0000000089300000, 0x0000000089300000, 0x0000000089400000|  0%| F|  |TAMS 0x0000000089300000, 0x0000000089300000| Untracked 
| 148|0x0000000089400000, 0x0000000089400000, 0x0000000089500000|  0%| F|  |TAMS 0x0000000089400000, 0x0000000089400000| Untracked 
| 149|0x0000000089500000, 0x0000000089500000, 0x0000000089600000|  0%| F|  |TAMS 0x0000000089500000, 0x0000000089500000| Untracked 
| 150|0x0000000089600000, 0x0000000089600000, 0x0000000089700000|  0%| F|  |TAMS 0x0000000089600000, 0x0000000089600000| Untracked 
| 151|0x0000000089700000, 0x0000000089700000, 0x0000000089800000|  0%| F|  |TAMS 0x0000000089700000, 0x0000000089700000| Untracked 
| 152|0x0000000089800000, 0x0000000089800000, 0x0000000089900000|  0%| F|  |TAMS 0x0000000089800000, 0x0000000089800000| Untracked 
| 153|0x0000000089900000, 0x0000000089900000, 0x0000000089a00000|  0%| F|  |TAMS 0x0000000089900000, 0x0000000089900000| Untracked 
| 154|0x0000000089a00000, 0x0000000089a00000, 0x0000000089b00000|  0%| F|  |TAMS 0x0000000089a00000, 0x0000000089a00000| Untracked 
| 155|0x0000000089b00000, 0x0000000089b00000, 0x0000000089c00000|  0%| F|  |TAMS 0x0000000089b00000, 0x0000000089b00000| Untracked 
| 156|0x0000000089c00000, 0x0000000089c00000, 0x0000000089d00000|  0%| F|  |TAMS 0x0000000089c00000, 0x0000000089c00000| Untracked 
| 157|0x0000000089d00000, 0x0000000089e00000, 0x0000000089e00000|100%| O|  |TAMS 0x0000000089e00000, 0x0000000089d00000| Untracked 
| 158|0x0000000089e00000, 0x0000000089e00000, 0x0000000089f00000|  0%| F|  |TAMS 0x0000000089e00000, 0x0000000089e00000| Untracked 
| 159|0x0000000089f00000, 0x0000000089f00000, 0x000000008a000000|  0%| F|  |TAMS 0x0000000089f00000, 0x0000000089f00000| Untracked 
| 160|0x000000008a000000, 0x000000008a000000, 0x000000008a100000|  0%| F|  |TAMS 0x000000008a000000, 0x000000008a000000| Untracked 
| 161|0x000000008a100000, 0x000000008a200000, 0x000000008a200000|100%| O|  |TAMS 0x000000008a200000, 0x000000008a100000| Untracked 
| 162|0x000000008a200000, 0x000000008a300000, 0x000000008a300000|100%| O|  |TAMS 0x000000008a300000, 0x000000008a200000| Untracked 
| 163|0x000000008a300000, 0x000000008a400000, 0x000000008a400000|100%| O|  |TAMS 0x000000008a400000, 0x000000008a300000| Untracked 
| 164|0x000000008a400000, 0x000000008a500000, 0x000000008a500000|100%| O|  |TAMS 0x000000008a500000, 0x000000008a400000| Untracked 
| 165|0x000000008a500000, 0x000000008a600000, 0x000000008a600000|100%| O|  |TAMS 0x000000008a600000, 0x000000008a500000| Untracked 
| 166|0x000000008a600000, 0x000000008a700000, 0x000000008a700000|100%| O|  |TAMS 0x000000008a700000, 0x000000008a600000| Untracked 
| 167|0x000000008a700000, 0x000000008a800000, 0x000000008a800000|100%| O|  |TAMS 0x000000008a800000, 0x000000008a700000| Untracked 
| 168|0x000000008a800000, 0x000000008a900000, 0x000000008a900000|100%| O|  |TAMS 0x000000008a900000, 0x000000008a800000| Untracked 
| 169|0x000000008a900000, 0x000000008aa00000, 0x000000008aa00000|100%| O|  |TAMS 0x000000008aa00000, 0x000000008a900000| Untracked 
| 170|0x000000008aa00000, 0x000000008aa00000, 0x000000008ab00000|  0%| F|  |TAMS 0x000000008aa00000, 0x000000008aa00000| Untracked 
| 171|0x000000008ab00000, 0x000000008ab00000, 0x000000008ac00000|  0%| F|  |TAMS 0x000000008ab00000, 0x000000008ab00000| Untracked 
| 172|0x000000008ac00000, 0x000000008ac00000, 0x000000008ad00000|  0%| F|  |TAMS 0x000000008ac00000, 0x000000008ac00000| Untracked 
| 173|0x000000008ad00000, 0x000000008ae00000, 0x000000008ae00000|100%| O|  |TAMS 0x000000008ae00000, 0x000000008ad00000| Untracked 
| 174|0x000000008ae00000, 0x000000008af00000, 0x000000008af00000|100%| O|  |TAMS 0x000000008af00000, 0x000000008ae00000| Untracked 
| 175|0x000000008af00000, 0x000000008af00000, 0x000000008b000000|  0%| F|  |TAMS 0x000000008af00000, 0x000000008af00000| Untracked 
| 176|0x000000008b000000, 0x000000008b000000, 0x000000008b100000|  0%| F|  |TAMS 0x000000008b000000, 0x000000008b000000| Untracked 
| 177|0x000000008b100000, 0x000000008b100000, 0x000000008b200000|  0%| F|  |TAMS 0x000000008b100000, 0x000000008b100000| Untracked 
| 178|0x000000008b200000, 0x000000008b200000, 0x000000008b300000|  0%| F|  |TAMS 0x000000008b200000, 0x000000008b200000| Untracked 
| 179|0x000000008b300000, 0x000000008b300000, 0x000000008b400000|  0%| F|  |TAMS 0x000000008b300000, 0x000000008b300000| Untracked 
| 180|0x000000008b400000, 0x000000008b400000, 0x000000008b500000|  0%| F|  |TAMS 0x000000008b400000, 0x000000008b400000| Untracked 
| 181|0x000000008b500000, 0x000000008b500000, 0x000000008b600000|  0%| F|  |TAMS 0x000000008b500000, 0x000000008b500000| Untracked 
| 182|0x000000008b600000, 0x000000008b600000, 0x000000008b700000|  0%| F|  |TAMS 0x000000008b600000, 0x000000008b600000| Untracked 
| 183|0x000000008b700000, 0x000000008b700000, 0x000000008b800000|  0%| F|  |TAMS 0x000000008b700000, 0x000000008b700000| Untracked 
| 184|0x000000008b800000, 0x000000008b800000, 0x000000008b900000|  0%| F|  |TAMS 0x000000008b800000, 0x000000008b800000| Untracked 
| 185|0x000000008b900000, 0x000000008b900000, 0x000000008ba00000|  0%| F|  |TAMS 0x000000008b900000, 0x000000008b900000| Untracked 
| 186|0x000000008ba00000, 0x000000008ba00000, 0x000000008bb00000|  0%| F|  |TAMS 0x000000008ba00000, 0x000000008ba00000| Untracked 
| 187|0x000000008bb00000, 0x000000008bb00000, 0x000000008bc00000|  0%| F|  |TAMS 0x000000008bb00000, 0x000000008bb00000| Untracked 
| 188|0x000000008bc00000, 0x000000008bc00000, 0x000000008bd00000|  0%| F|  |TAMS 0x000000008bc00000, 0x000000008bc00000| Untracked 
| 189|0x000000008bd00000, 0x000000008bd00000, 0x000000008be00000|  0%| F|  |TAMS 0x000000008bd00000, 0x000000008bd00000| Untracked 
| 190|0x000000008be00000, 0x000000008be00000, 0x000000008bf00000|  0%| F|  |TAMS 0x000000008be00000, 0x000000008be00000| Untracked 
| 191|0x000000008bf00000, 0x000000008bf00000, 0x000000008c000000|  0%| F|  |TAMS 0x000000008bf00000, 0x000000008bf00000| Untracked 
| 192|0x000000008c000000, 0x000000008c000000, 0x000000008c100000|  0%| F|  |TAMS 0x000000008c000000, 0x000000008c000000| Untracked 
| 193|0x000000008c100000, 0x000000008c100000, 0x000000008c200000|  0%| F|  |TAMS 0x000000008c100000, 0x000000008c100000| Untracked 
| 194|0x000000008c200000, 0x000000008c200000, 0x000000008c300000|  0%| F|  |TAMS 0x000000008c200000, 0x000000008c200000| Untracked 
| 195|0x000000008c300000, 0x000000008c300000, 0x000000008c400000|  0%| F|  |TAMS 0x000000008c300000, 0x000000008c300000| Untracked 
| 196|0x000000008c400000, 0x000000008c400000, 0x000000008c500000|  0%| F|  |TAMS 0x000000008c400000, 0x000000008c400000| Untracked 
| 197|0x000000008c500000, 0x000000008c500000, 0x000000008c600000|  0%| F|  |TAMS 0x000000008c500000, 0x000000008c500000| Untracked 
| 198|0x000000008c600000, 0x000000008c600000, 0x000000008c700000|  0%| F|  |TAMS 0x000000008c600000, 0x000000008c600000| Untracked 
| 199|0x000000008c700000, 0x000000008c700000, 0x000000008c800000|  0%| F|  |TAMS 0x000000008c700000, 0x000000008c700000| Untracked 
| 200|0x000000008c800000, 0x000000008c800000, 0x000000008c900000|  0%| F|  |TAMS 0x000000008c800000, 0x000000008c800000| Untracked 
| 201|0x000000008c900000, 0x000000008c900000, 0x000000008ca00000|  0%| F|  |TAMS 0x000000008c900000, 0x000000008c900000| Untracked 
| 202|0x000000008ca00000, 0x000000008ca00000, 0x000000008cb00000|  0%| F|  |TAMS 0x000000008ca00000, 0x000000008ca00000| Untracked 
| 203|0x000000008cb00000, 0x000000008cb00000, 0x000000008cc00000|  0%| F|  |TAMS 0x000000008cb00000, 0x000000008cb00000| Untracked 
| 204|0x000000008cc00000, 0x000000008cc00000, 0x000000008cd00000|  0%| F|  |TAMS 0x000000008cc00000, 0x000000008cc00000| Untracked 
| 205|0x000000008cd00000, 0x000000008cd00000, 0x000000008ce00000|  0%| F|  |TAMS 0x000000008cd00000, 0x000000008cd00000| Untracked 
| 206|0x000000008ce00000, 0x000000008ce00000, 0x000000008cf00000|  0%| F|  |TAMS 0x000000008ce00000, 0x000000008ce00000| Untracked 
| 207|0x000000008cf00000, 0x000000008cf00000, 0x000000008d000000|  0%| F|  |TAMS 0x000000008cf00000, 0x000000008cf00000| Untracked 
| 208|0x000000008d000000, 0x000000008d000000, 0x000000008d100000|  0%| F|  |TAMS 0x000000008d000000, 0x000000008d000000| Untracked 
| 209|0x000000008d100000, 0x000000008d100000, 0x000000008d200000|  0%| F|  |TAMS 0x000000008d100000, 0x000000008d100000| Untracked 
| 210|0x000000008d200000, 0x000000008d200000, 0x000000008d300000|  0%| F|  |TAMS 0x000000008d200000, 0x000000008d200000| Untracked 
| 211|0x000000008d300000, 0x000000008d300000, 0x000000008d400000|  0%| F|  |TAMS 0x000000008d300000, 0x000000008d300000| Untracked 
| 212|0x000000008d400000, 0x000000008d400000, 0x000000008d500000|  0%| F|  |TAMS 0x000000008d400000, 0x000000008d400000| Untracked 
| 213|0x000000008d500000, 0x000000008d500000, 0x000000008d600000|  0%| F|  |TAMS 0x000000008d500000, 0x000000008d500000| Untracked 
| 214|0x000000008d600000, 0x000000008d600000, 0x000000008d700000|  0%| F|  |TAMS 0x000000008d600000, 0x000000008d600000| Untracked 
| 215|0x000000008d700000, 0x000000008d700000, 0x000000008d800000|  0%| F|  |TAMS 0x000000008d700000, 0x000000008d700000| Untracked 
| 216|0x000000008d800000, 0x000000008d800000, 0x000000008d900000|  0%| F|  |TAMS 0x000000008d800000, 0x000000008d800000| Untracked 
| 217|0x000000008d900000, 0x000000008d900000, 0x000000008da00000|  0%| F|  |TAMS 0x000000008d900000, 0x000000008d900000| Untracked 
| 218|0x000000008da00000, 0x000000008da00000, 0x000000008db00000|  0%| F|  |TAMS 0x000000008da00000, 0x000000008da00000| Untracked 
| 219|0x000000008db00000, 0x000000008db00000, 0x000000008dc00000|  0%| F|  |TAMS 0x000000008db00000, 0x000000008db00000| Untracked 
| 220|0x000000008dc00000, 0x000000008dc00000, 0x000000008dd00000|  0%| F|  |TAMS 0x000000008dc00000, 0x000000008dc00000| Untracked 
| 221|0x000000008dd00000, 0x000000008dd00000, 0x000000008de00000|  0%| F|  |TAMS 0x000000008dd00000, 0x000000008dd00000| Untracked 
| 222|0x000000008de00000, 0x000000008de00000, 0x000000008df00000|  0%| F|  |TAMS 0x000000008de00000, 0x000000008de00000| Untracked 
| 223|0x000000008df00000, 0x000000008df00000, 0x000000008e000000|  0%| F|  |TAMS 0x000000008df00000, 0x000000008df00000| Untracked 
| 224|0x000000008e000000, 0x000000008e000000, 0x000000008e100000|  0%| F|  |TAMS 0x000000008e000000, 0x000000008e000000| Untracked 
| 225|0x000000008e100000, 0x000000008e100000, 0x000000008e200000|  0%| F|  |TAMS 0x000000008e100000, 0x000000008e100000| Untracked 
| 226|0x000000008e200000, 0x000000008e200000, 0x000000008e300000|  0%| F|  |TAMS 0x000000008e200000, 0x000000008e200000| Untracked 
| 227|0x000000008e300000, 0x000000008e300000, 0x000000008e400000|  0%| F|  |TAMS 0x000000008e300000, 0x000000008e300000| Untracked 
| 228|0x000000008e400000, 0x000000008e400000, 0x000000008e500000|  0%| F|  |TAMS 0x000000008e400000, 0x000000008e400000| Untracked 
| 229|0x000000008e500000, 0x000000008e500000, 0x000000008e600000|  0%| F|  |TAMS 0x000000008e500000, 0x000000008e500000| Untracked 
| 230|0x000000008e600000, 0x000000008e600000, 0x000000008e700000|  0%| F|  |TAMS 0x000000008e600000, 0x000000008e600000| Untracked 
| 231|0x000000008e700000, 0x000000008e700000, 0x000000008e800000|  0%| F|  |TAMS 0x000000008e700000, 0x000000008e700000| Untracked 
| 232|0x000000008e800000, 0x000000008e800000, 0x000000008e900000|  0%| F|  |TAMS 0x000000008e800000, 0x000000008e800000| Untracked 
| 233|0x000000008e900000, 0x000000008e900000, 0x000000008ea00000|  0%| F|  |TAMS 0x000000008e900000, 0x000000008e900000| Untracked 
| 234|0x000000008ea00000, 0x000000008ea00000, 0x000000008eb00000|  0%| F|  |TAMS 0x000000008ea00000, 0x000000008ea00000| Untracked 
| 235|0x000000008eb00000, 0x000000008eb00000, 0x000000008ec00000|  0%| F|  |TAMS 0x000000008eb00000, 0x000000008eb00000| Untracked 
| 236|0x000000008ec00000, 0x000000008ec00000, 0x000000008ed00000|  0%| F|  |TAMS 0x000000008ec00000, 0x000000008ec00000| Untracked 
| 237|0x000000008ed00000, 0x000000008ed7c6e0, 0x000000008ee00000| 48%| S|CS|TAMS 0x000000008ed00000, 0x000000008ed00000| Complete 
| 238|0x000000008ee00000, 0x000000008ef00000, 0x000000008ef00000|100%| S|CS|TAMS 0x000000008ee00000, 0x000000008ee00000| Complete 
| 239|0x000000008ef00000, 0x000000008ef00000, 0x000000008f000000|  0%| F|  |TAMS 0x000000008ef00000, 0x000000008ef00000| Untracked 
| 240|0x000000008f000000, 0x000000008f000000, 0x000000008f100000|  0%| F|  |TAMS 0x000000008f000000, 0x000000008f000000| Untracked 
| 241|0x000000008f100000, 0x000000008f100000, 0x000000008f200000|  0%| F|  |TAMS 0x000000008f100000, 0x000000008f100000| Untracked 
| 242|0x000000008f200000, 0x000000008f200000, 0x000000008f300000|  0%| F|  |TAMS 0x000000008f200000, 0x000000008f200000| Untracked 
| 243|0x000000008f300000, 0x000000008f3ead20, 0x000000008f400000| 91%| E|  |TAMS 0x000000008f300000, 0x000000008f300000| Complete 
| 244|0x000000008f400000, 0x000000008f500000, 0x000000008f500000|100%| E|CS|TAMS 0x000000008f400000, 0x000000008f400000| Complete 
| 245|0x000000008f500000, 0x000000008f600000, 0x000000008f600000|100%| E|CS|TAMS 0x000000008f500000, 0x000000008f500000| Complete 
| 246|0x000000008f600000, 0x000000008f700000, 0x000000008f700000|100%| E|CS|TAMS 0x000000008f600000, 0x000000008f600000| Complete 
| 247|0x000000008f700000, 0x000000008f800000, 0x000000008f800000|100%| E|CS|TAMS 0x000000008f700000, 0x000000008f700000| Complete 
| 248|0x000000008f800000, 0x000000008f900000, 0x000000008f900000|100%| E|CS|TAMS 0x000000008f800000, 0x000000008f800000| Complete 

Card table byte_map: [0x000001ead3080000,0x000001ead3480000] _byte_map_base: 0x000001ead2c80000

Marking Bits (Prev, Next): (CMBitMap*) 0x000001eabf75bcc0, (CMBitMap*) 0x000001eabf75bc88
 Prev Bits: [0x000001ead5880000, 0x000001ead7880000)
 Next Bits: [0x000001ead3880000, 0x000001ead5880000)

Polling page: 0x000001eabdef0000

Metaspace:

Usage:
  Non-class:    130.76 MB capacity,   127.16 MB ( 97%) used,     2.97 MB (  2%) free+waste,   639.75 KB ( <1%) overhead. 
      Class:     19.69 MB capacity,    17.77 MB ( 90%) used,     1.65 MB (  8%) free+waste,   282.56 KB (  1%) overhead. 
       Both:    150.46 MB capacity,   144.94 MB ( 96%) used,     4.62 MB (  3%) free+waste,   922.31 KB ( <1%) overhead. 

Virtual space:
  Non-class space:      132.00 MB reserved,     131.00 MB (>99%) committed 
      Class space:        1.00 GB reserved,      19.82 MB (  2%) committed 
             Both:        1.13 GB reserved,     150.82 MB ( 13%) committed 

Chunk freelists:
   Non-Class:  51.00 KB
       Class:  122.00 KB
        Both:  173.00 KB

MaxMetaspaceSize: 17179869184.00 GB
CompressedClassSpaceSize: 1.00 GB

CodeHeap 'non-profiled nmethods': size=120000Kb used=25906Kb max_used=25906Kb free=94093Kb
 bounds [0x000001eacacf0000, 0x000001eacc650000, 0x000001ead2220000]
CodeHeap 'profiled nmethods': size=120000Kb used=60829Kb max_used=60829Kb free=59170Kb
 bounds [0x000001eac37c0000, 0x000001eac73b0000, 0x000001eacacf0000]
CodeHeap 'non-nmethods': size=5760Kb used=2411Kb max_used=2498Kb free=3348Kb
 bounds [0x000001eac3220000, 0x000001eac34a0000, 0x000001eac37c0000]
 total_blobs=28649 nmethods=27611 adapters=948
 compilation: enabled
              stopped_count=0, restarted_count=0
 full_count=0

Compilation events (20 events):
Event: 3321.347 Thread 0x000001eadabf3800 32612       3       org.gradle.internal.extensibility.ExtensibleDynamicObject$InheritedDynamicObject::hasProperty (14 bytes)
Event: 3321.347 Thread 0x000001eadabf3800 nmethod 32612 0x000001eac53cf510 code [0x000001eac53cf6e0, 0x000001eac53cf938]
Event: 3321.347 Thread 0x000001eadabf3800 32613       3       org.gradle.internal.extensibility.ExtensibleDynamicObject$1::<init> (35 bytes)
Event: 3321.348 Thread 0x000001eadabf3800 nmethod 32613 0x000001eac59bdf10 code [0x000001eac59be120, 0x000001eac59be8c8]
Event: 3321.359 Thread 0x000001eadabf3800 32614       3       org.gradle.api.internal.file.DefaultFileCollectionFactory::fileTree (24 bytes)
Event: 3321.359 Thread 0x000001eadabf3800 nmethod 32614 0x000001eac53d2910 code [0x000001eac53d2ac0, 0x000001eac53d2c88]
Event: 3321.359 Thread 0x000001eadabf3800 32615       3       org.gradle.api.internal.file.collections.DefaultConfigurableFileTree::from (7 bytes)
Event: 3321.359 Thread 0x000001eadabf3800 nmethod 32615 0x000001eac51b3710 code [0x000001eac51b38c0, 0x000001eac51b3a18]
Event: 3321.361 Thread 0x000001eadabf3800 32616       3       kotlin.ranges.RangesKt___RangesKt::coerceAtMost (11 bytes)
Event: 3321.361 Thread 0x000001eadabf3800 nmethod 32616 0x000001eac526e490 code [0x000001eac526e640, 0x000001eac526e778]
Event: 3321.389 Thread 0x000001eadabf3800 32620       3       org.gradle.api.internal.project.DefaultProject::getGroup (111 bytes)
Event: 3321.390 Thread 0x000001eadabf3800 nmethod 32620 0x000001eac5b0d990 code [0x000001eac5b0dce0, 0x000001eac5b0eef8]
Event: 3321.394 Thread 0x000001eadabf3800 32621       3       com.android.build.gradle.internal.utils.HasConfigurableValuesKt::setDisallowChanges (20 bytes)
Event: 3321.395 Thread 0x000001eadabf3800 nmethod 32621 0x000001eac5a08a90 code [0x000001eac5a08ce0, 0x000001eac5a093d8]
Event: 3321.397 Thread 0x000001eadabf3800 32622       3       com.android.build.gradle.tasks.MergeSourceSetFolders_Decorated::toString (33 bytes)
Event: 3321.397 Thread 0x000001eadabf3800 nmethod 32622 0x000001eac5a18590 code [0x000001eac5a187a0, 0x000001eac5a18d58]
Event: 3321.403 Thread 0x000001eadabf3800 32623       3       com.android.build.gradle.internal.tasks.DexMergingTask$SharedParams_Decorated::$gradleFactory (13 bytes)
Event: 3321.404 Thread 0x000001eadabf3800 nmethod 32623 0x000001eac5a2e190 code [0x000001eac5a2e380, 0x000001eac5a2e908]
Event: 3321.411 Thread 0x000001eadbd25800 nmethod 32601 0x000001eacc63db90 code [0x000001eacc63de40, 0x000001eacc63fe70]
Event: 3321.412 Thread 0x000001eadbd25800 32619       4       org.gradle.api.internal.artifacts.ivyservice.resolveengine.result.CachingComponentSelectionDescriptorFactory$Key::<init> (7 bytes)

GC Heap History (20 events):
Event: 2513.725 GC heap before
{Heap before GC invocations=302 (full 0):
 garbage-first heap   total 254976K, used 163458K [0x0000000080000000, 0x0000000100000000)
  region size 1024K, 25 young (25600K), 2 survivors (2048K)
 Metaspace       used 147704K, capacity 153259K, committed 153676K, reserved 1183744K
  class space    used 18156K, capacity 20117K, committed 20300K, reserved 1048576K
}
Event: 2513.739 GC heap after
{Heap after GC invocations=303 (full 0):
 garbage-first heap   total 254976K, used 145438K [0x0000000080000000, 0x0000000100000000)
  region size 1024K, 5 young (5120K), 5 survivors (5120K)
 Metaspace       used 147704K, capacity 153259K, committed 153676K, reserved 1183744K
  class space    used 18156K, capacity 20117K, committed 20300K, reserved 1048576K
}
Event: 2515.995 GC heap before
{Heap before GC invocations=304 (full 0):
 garbage-first heap   total 254976K, used 211998K [0x0000000080000000, 0x0000000100000000)
  region size 1024K, 65 young (66560K), 5 survivors (5120K)
 Metaspace       used 148278K, capacity 153889K, committed 154188K, reserved 1183744K
  class space    used 18182K, capacity 20156K, committed 20300K, reserved 1048576K
}
Event: 2516.001 GC heap after
{Heap after GC invocations=305 (full 0):
 garbage-first heap   total 254976K, used 147857K [0x0000000080000000, 0x0000000100000000)
  region size 1024K, 5 young (5120K), 5 survivors (5120K)
 Metaspace       used 148278K, capacity 153889K, committed 154188K, reserved 1183744K
  class space    used 18182K, capacity 20156K, committed 20300K, reserved 1048576K
}
Event: 2516.028 GC heap before
{Heap before GC invocations=305 (full 0):
 garbage-first heap   total 254976K, used 155025K [0x0000000080000000, 0x0000000100000000)
  region size 1024K, 12 young (12288K), 5 survivors (5120K)
 Metaspace       used 148315K, capacity 153892K, committed 154188K, reserved 1183744K
  class space    used 18186K, capacity 20156K, committed 20300K, reserved 1048576K
}
Event: 2516.038 GC heap after
{Heap after GC invocations=306 (full 0):
 garbage-first heap   total 254976K, used 141915K [0x0000000080000000, 0x0000000100000000)
  region size 1024K, 2 young (2048K), 2 survivors (2048K)
 Metaspace       used 148315K, capacity 153892K, committed 154188K, reserved 1183744K
  class space    used 18186K, capacity 20156K, committed 20300K, reserved 1048576K
}
Event: 2516.281 GC heap before
{Heap before GC invocations=306 (full 0):
 garbage-first heap   total 254976K, used 205403K [0x0000000080000000, 0x0000000100000000)
  region size 1024K, 65 young (66560K), 2 survivors (2048K)
 Metaspace       used 148506K, capacity 154134K, committed 154444K, reserved 1183744K
  class space    used 18213K, capacity 20194K, committed 20300K, reserved 1048576K
}
Event: 2516.298 GC heap after
{Heap after GC invocations=307 (full 0):
 garbage-first heap   total 254976K, used 150011K [0x0000000080000000, 0x0000000100000000)
  region size 1024K, 9 young (9216K), 9 survivors (9216K)
 Metaspace       used 148506K, capacity 154134K, committed 154444K, reserved 1183744K
  class space    used 18213K, capacity 20194K, committed 20300K, reserved 1048576K
}
Event: 2516.667 GC heap before
{Heap before GC invocations=307 (full 0):
 garbage-first heap   total 254976K, used 208379K [0x0000000080000000, 0x0000000100000000)
  region size 1024K, 66 young (67584K), 9 survivors (9216K)
 Metaspace       used 148271K, capacity 153831K, committed 154444K, reserved 1183744K
  class space    used 18190K, capacity 20154K, committed 20300K, reserved 1048576K
}
Event: 2516.683 GC heap after
{Heap after GC invocations=308 (full 0):
 garbage-first heap   total 254976K, used 149962K [0x0000000080000000, 0x0000000100000000)
  region size 1024K, 4 young (4096K), 4 survivors (4096K)
 Metaspace       used 148271K, capacity 153831K, committed 154444K, reserved 1183744K
  class space    used 18190K, capacity 20154K, committed 20300K, reserved 1048576K
}
Event: 2517.351 GC heap before
{Heap before GC invocations=309 (full 0):
 garbage-first heap   total 254976K, used 213450K [0x0000000080000000, 0x0000000100000000)
  region size 1024K, 63 young (64512K), 4 survivors (4096K)
 Metaspace       used 148323K, capacity 153900K, committed 154444K, reserved 1183744K
  class space    used 18190K, capacity 20154K, committed 20300K, reserved 1048576K
}
Event: 2517.364 GC heap after
{Heap after GC invocations=310 (full 0):
 garbage-first heap   total 254976K, used 160565K [0x0000000080000000, 0x0000000100000000)
  region size 1024K, 8 young (8192K), 8 survivors (8192K)
 Metaspace       used 148323K, capacity 153900K, committed 154444K, reserved 1183744K
  class space    used 18190K, capacity 20154K, committed 20300K, reserved 1048576K
}
Event: 2517.475 GC heap before
{Heap before GC invocations=310 (full 0):
 garbage-first heap   total 254976K, used 164661K [0x0000000080000000, 0x0000000100000000)
  region size 1024K, 12 young (12288K), 8 survivors (8192K)
 Metaspace       used 148349K, capacity 153939K, committed 154444K, reserved 1183744K
  class space    used 18197K, capacity 20166K, committed 20300K, reserved 1048576K
}
Event: 2517.497 GC heap after
{Heap after GC invocations=311 (full 0):
 garbage-first heap   total 254976K, used 158013K [0x0000000080000000, 0x0000000100000000)
  region size 1024K, 1 young (1024K), 1 survivors (1024K)
 Metaspace       used 148349K, capacity 153939K, committed 154444K, reserved 1183744K
  class space    used 18197K, capacity 20166K, committed 20300K, reserved 1048576K
}
Event: 2517.581 GC heap before
{Heap before GC invocations=311 (full 0):
 garbage-first heap   total 254976K, used 172349K [0x0000000080000000, 0x0000000100000000)
  region size 1024K, 16 young (16384K), 1 survivors (1024K)
 Metaspace       used 148354K, capacity 153939K, committed 154444K, reserved 1183744K
  class space    used 18197K, capacity 20166K, committed 20300K, reserved 1048576K
}
Event: 2517.585 GC heap after
{Heap after GC invocations=312 (full 0):
 garbage-first heap   total 254976K, used 158045K [0x0000000080000000, 0x0000000100000000)
  region size 1024K, 2 young (2048K), 2 survivors (2048K)
 Metaspace       used 148354K, capacity 153939K, committed 154444K, reserved 1183744K
  class space    used 18197K, capacity 20166K, committed 20300K, reserved 1048576K
}
Event: 3321.179 GC heap before
{Heap before GC invocations=313 (full 0):
 garbage-first heap   total 254976K, used 236893K [0x0000000080000000, 0x0000000100000000)
  region size 1024K, 48 young (49152K), 2 survivors (2048K)
 Metaspace       used 148383K, capacity 153939K, committed 154444K, reserved 1183744K
  class space    used 18197K, capacity 20166K, committed 20300K, reserved 1048576K
}
Event: 3321.186 GC heap after
{Heap after GC invocations=314 (full 0):
 garbage-first heap   total 254976K, used 156989K [0x0000000080000000, 0x0000000100000000)
  region size 1024K, 2 young (2048K), 2 survivors (2048K)
 Metaspace       used 148383K, capacity 153939K, committed 154444K, reserved 1183744K
  class space    used 18197K, capacity 20166K, committed 20300K, reserved 1048576K
}
Event: 3321.305 GC heap before
{Heap before GC invocations=314 (full 0):
 garbage-first heap   total 254976K, used 167229K [0x0000000080000000, 0x0000000100000000)
  region size 1024K, 12 young (12288K), 2 survivors (2048K)
 Metaspace       used 148401K, capacity 153939K, committed 154444K, reserved 1183744K
  class space    used 18197K, capacity 20166K, committed 20300K, reserved 1048576K
}
Event: 3321.318 GC heap after
{Heap after GC invocations=315 (full 0):
 garbage-first heap   total 254976K, used 145389K [0x0000000080000000, 0x0000000100000000)
  region size 1024K, 2 young (2048K), 2 survivors (2048K)
 Metaspace       used 148401K, capacity 153939K, committed 154444K, reserved 1183744K
  class space    used 18197K, capacity 20166K, committed 20300K, reserved 1048576K
}

Deoptimization events (20 events):
Event: 2516.840 Thread 0x000001eadd94c000 DEOPT PACKING pc=0x000001eacc5bc21c sp=0x00000050999fd000
Event: 2516.840 Thread 0x000001eadd94c000 DEOPT UNPACKING pc=0x000001eac32283af sp=0x00000050999fcfd0 mode 2
Event: 2516.840 Thread 0x000001eadd94c000 Uncommon trap: trap_request=0xffffffd6 fr.pc=0x000001eacc5ca98c relative=0x0000000000001e4c
Event: 2516.840 Thread 0x000001eadd94c000 Uncommon trap: reason=array_check action=maybe_recompile pc=0x000001eacc5ca98c method=java.util.TimSort.mergeHi(IIII)V @ 171 c2
Event: 2516.840 Thread 0x000001eadd94c000 DEOPT PACKING pc=0x000001eacc5ca98c sp=0x00000050999fcff0
Event: 2516.840 Thread 0x000001eadd94c000 DEOPT UNPACKING pc=0x000001eac32283af sp=0x00000050999fcfc8 mode 2
Event: 2517.098 Thread 0x000001eae1157800 Uncommon trap: trap_request=0xffffffbe fr.pc=0x000001eacafa7ec4 relative=0x0000000000000284
Event: 2517.098 Thread 0x000001eae1157800 Uncommon trap: reason=profile_predicate action=maybe_recompile pc=0x000001eacafa7ec4 method=java.util.Collections.indexedBinarySearch(Ljava/util/List;Ljava/lang/Object;)I @ 13 c2
Event: 2517.098 Thread 0x000001eae1157800 DEOPT PACKING pc=0x000001eacafa7ec4 sp=0x00000050985fe3e0
Event: 2517.098 Thread 0x000001eae1157800 DEOPT UNPACKING pc=0x000001eac32283af sp=0x00000050985fe360 mode 2
Event: 2517.343 Thread 0x000001eae1158000 Uncommon trap: trap_request=0xffffffde fr.pc=0x000001eacbf1abe0 relative=0x00000000000002e0
Event: 2517.343 Thread 0x000001eae1158000 Uncommon trap: reason=class_check action=maybe_recompile pc=0x000001eacbf1abe0 method=com.android.tools.r8.dex.m.c(I)V @ 109 c2
Event: 2517.343 Thread 0x000001eae1158000 DEOPT PACKING pc=0x000001eacbf1abe0 sp=0x00000050986fcfa0
Event: 2517.343 Thread 0x000001eae1158000 DEOPT UNPACKING pc=0x000001eac32283af sp=0x00000050986fcf58 mode 2
Event: 2517.447 Thread 0x000001eae1157800 Uncommon trap: trap_request=0xffffffbe fr.pc=0x000001eacafa7ec4 relative=0x0000000000000284
Event: 2517.447 Thread 0x000001eae1157800 Uncommon trap: reason=profile_predicate action=maybe_recompile pc=0x000001eacafa7ec4 method=java.util.Collections.indexedBinarySearch(Ljava/util/List;Ljava/lang/Object;)I @ 13 c2
Event: 2517.447 Thread 0x000001eae1157800 DEOPT PACKING pc=0x000001eacafa7ec4 sp=0x00000050985fe3e0
Event: 2517.447 Thread 0x000001eae1157800 DEOPT UNPACKING pc=0x000001eac32283af sp=0x00000050985fe360 mode 2
Event: 2517.636 Thread 0x000001eadddb6800 DEOPT PACKING pc=0x000001eac4b4c7ed sp=0x00000050998fcf10
Event: 2517.636 Thread 0x000001eadddb6800 DEOPT UNPACKING pc=0x000001eac3247c0e sp=0x00000050998fc388 mode 0

Classes redefined (0 events):
No events

Internal exceptions (20 events):
Event: 2516.813 Thread 0x000001eade0ec800 Exception <a 'sun/nio/fs/WindowsException'{0x000000008e77e780}> (0x000000008e77e780) thrown at [./src/hotspot/share/prims/jni.cpp, line 615]
Event: 2516.871 Thread 0x000001eade0ec800 Exception <a 'sun/nio/fs/WindowsException'{0x000000008e3788c0}> (0x000000008e3788c0) thrown at [./src/hotspot/share/prims/jni.cpp, line 615]
Event: 2517.126 Thread 0x000001eadddb3800 Exception <a 'sun/nio/fs/WindowsException'{0x000000008e2e2498}> (0x000000008e2e2498) thrown at [./src/hotspot/share/prims/jni.cpp, line 615]
Event: 2517.128 Thread 0x000001eadd94d000 Exception <a 'sun/nio/fs/WindowsException'{0x000000008f510128}> (0x000000008f510128) thrown at [./src/hotspot/share/prims/jni.cpp, line 615]
Event: 2517.132 Thread 0x000001eae1158000 Exception <a 'sun/nio/fs/WindowsException'{0x000000008e1f4570}> (0x000000008e1f4570) thrown at [./src/hotspot/share/prims/jni.cpp, line 615]
Event: 2517.132 Thread 0x000001eadd948000 Exception <a 'sun/nio/fs/WindowsException'{0x000000008df9fa58}> (0x000000008df9fa58) thrown at [./src/hotspot/share/prims/jni.cpp, line 615]
Event: 2517.133 Thread 0x000001eade0ec800 Exception <a 'sun/nio/fs/WindowsException'{0x000000008dfe9c68}> (0x000000008dfe9c68) thrown at [./src/hotspot/share/prims/jni.cpp, line 615]
Event: 2517.137 Thread 0x000001eadddb5800 Exception <a 'sun/nio/fs/WindowsException'{0x000000008db4ca98}> (0x000000008db4ca98) thrown at [./src/hotspot/share/prims/jni.cpp, line 615]
Event: 2517.148 Thread 0x000001eadddb5800 Exception <a 'sun/nio/fs/WindowsException'{0x000000008d683238}> (0x000000008d683238) thrown at [./src/hotspot/share/prims/jni.cpp, line 615]
Event: 2517.148 Thread 0x000001eadddb3800 Exception <a 'sun/nio/fs/WindowsException'{0x000000008dac3790}> (0x000000008dac3790) thrown at [./src/hotspot/share/prims/jni.cpp, line 615]
Event: 2517.152 Thread 0x000001eadd94d000 Exception <a 'sun/nio/fs/WindowsException'{0x000000008d576c70}> (0x000000008d576c70) thrown at [./src/hotspot/share/prims/jni.cpp, line 615]
Event: 2517.152 Thread 0x000001eade0ec800 Exception <a 'sun/nio/fs/WindowsException'{0x000000008d4815f0}> (0x000000008d4815f0) thrown at [./src/hotspot/share/prims/jni.cpp, line 615]
Event: 2517.156 Thread 0x000001eadd948000 Exception <a 'sun/nio/fs/WindowsException'{0x000000008d39c160}> (0x000000008d39c160) thrown at [./src/hotspot/share/prims/jni.cpp, line 615]
Event: 2517.394 Thread 0x000001eae1158000 Exception <a 'sun/nio/fs/WindowsException'{0x000000008f7841d0}> (0x000000008f7841d0) thrown at [./src/hotspot/share/prims/jni.cpp, line 615]
Event: 2517.775 Thread 0x000001eade0ef000 Exception <a 'sun/nio/fs/WindowsException'{0x000000008f3cdbd8}> (0x000000008f3cdbd8) thrown at [./src/hotspot/share/prims/jni.cpp, line 615]
Event: 2517.776 Thread 0x000001eade0ef000 Exception <a 'sun/nio/fs/WindowsException'{0x000000008f3cdd48}> (0x000000008f3cdd48) thrown at [./src/hotspot/share/prims/jni.cpp, line 615]
Event: 2517.776 Thread 0x000001eade0ef000 Exception <a 'sun/nio/fs/WindowsException'{0x000000008f3cf6b0}> (0x000000008f3cf6b0) thrown at [./src/hotspot/share/prims/jni.cpp, line 615]
Event: 2517.778 Thread 0x000001eae761a000 Exception <a 'sun/nio/fs/WindowsException'{0x000000008f3d6b68}> (0x000000008f3d6b68) thrown at [./src/hotspot/share/prims/jni.cpp, line 615]
Event: 3321.220 Thread 0x000001eade311000 Exception <a 'sun/nio/fs/WindowsException'{0x000000008f4fa468}> (0x000000008f4fa468) thrown at [./src/hotspot/share/prims/jni.cpp, line 615]
Event: 3321.406 Thread 0x000001eade311000 Exception <a 'sun/nio/fs/WindowsException'{0x000000008f371170}> (0x000000008f371170) thrown at [./src/hotspot/share/prims/jni.cpp, line 615]

Events (20 events):
Event: 3321.105 Thread 0x000001eadbd1d800 Thread added: 0x000001eadbd1d800
Event: 3321.105 Thread 0x000001eadbd20000 Thread added: 0x000001eadbd20000
Event: 3321.105 Thread 0x000001eadbd22800 Thread added: 0x000001eadbd22800
Event: 3321.105 Thread 0x000001eadbd23800 Thread added: 0x000001eadbd23800
Event: 3321.105 Thread 0x000001eadbd24000 Thread added: 0x000001eadbd24000
Event: 3321.105 Thread 0x000001eadbd1e800 Thread added: 0x000001eadbd1e800
Event: 3321.105 Thread 0x000001eadbd25000 Thread added: 0x000001eadbd25000
Event: 3321.105 Thread 0x000001eadbd1f000 Thread added: 0x000001eadbd1f000
Event: 3321.179 Executing VM operation: G1CollectForAllocation
Event: 3321.186 Executing VM operation: G1CollectForAllocation done
Event: 3321.186 Executing VM operation: RevokeBias
Event: 3321.186 Executing VM operation: RevokeBias done
Event: 3321.186 Executing VM operation: RevokeBias
Event: 3321.186 Executing VM operation: RevokeBias done
Event: 3321.195 Thread 0x000001eadbd2b800 Thread added: 0x000001eadbd2b800
Event: 3321.250 Thread 0x000001eadbd25800 Thread added: 0x000001eadbd25800
Event: 3321.304 Executing VM operation: G1CollectForAllocation
Event: 3321.318 Executing VM operation: G1CollectForAllocation done
Event: 3321.382 loading class org/gradle/api/internal/artifacts/ivyservice/resolveengine/result/CachingComponentSelectionDescriptorFactory$1
Event: 3321.382 loading class org/gradle/api/internal/artifacts/ivyservice/resolveengine/result/CachingComponentSelectionDescriptorFactory$1 done


Dynamic libraries:
0x00007ff7a8c00000 - 0x00007ff7a8c0a000 	D:\ANDROID\jre\bin\java.exe
0x00007ffee3050000 - 0x00007ffee3245000 	C:\WINDOWS\SYSTEM32\ntdll.dll
0x00007ffee1720000 - 0x00007ffee17de000 	C:\WINDOWS\System32\KERNEL32.DLL
0x00007ffee0de0000 - 0x00007ffee10a8000 	C:\WINDOWS\System32\KERNELBASE.dll
0x00007ffee09b0000 - 0x00007ffee0ab0000 	C:\WINDOWS\System32\ucrtbase.dll
0x00007ffeb51e0000 - 0x00007ffeb51f9000 	D:\ANDROID\jre\bin\jli.dll
0x00007ffee1a70000 - 0x00007ffee1c10000 	C:\WINDOWS\System32\USER32.dll
0x00007ffee0d10000 - 0x00007ffee0d32000 	C:\WINDOWS\System32\win32u.dll
0x00007ffecd440000 - 0x00007ffecd6da000 	C:\WINDOWS\WinSxS\amd64_microsoft.windows.common-controls_6595b64144ccf1df_6.0.19041.1110_none_60b5254171f9507e\COMCTL32.dll
0x00007ffee2b50000 - 0x00007ffee2b7b000 	C:\WINDOWS\System32\GDI32.dll
0x00007ffee1160000 - 0x00007ffee11fe000 	C:\WINDOWS\System32\msvcrt.dll
0x00007ffee07e0000 - 0x00007ffee08eb000 	C:\WINDOWS\System32\gdi32full.dll
0x00007ffee0d40000 - 0x00007ffee0ddd000 	C:\WINDOWS\System32\msvcp_win.dll
0x00007ffeb5140000 - 0x00007ffeb5157000 	D:\ANDROID\jre\bin\VCRUNTIME140.dll
0x00007ffee2e60000 - 0x00007ffee2e90000 	C:\WINDOWS\System32\IMM32.DLL
0x00007ffeabaa0000 - 0x00007ffeabb3d000 	D:\ANDROID\jre\bin\msvcp140.dll
0x00007ffe7bcb0000 - 0x00007ffe7c785000 	D:\ANDROID\jre\bin\server\jvm.dll
0x00007ffee10b0000 - 0x00007ffee115e000 	C:\WINDOWS\System32\ADVAPI32.dll
0x00007ffee2d10000 - 0x00007ffee2dac000 	C:\WINDOWS\System32\sechost.dll
0x00007ffee2be0000 - 0x00007ffee2d05000 	C:\WINDOWS\System32\RPCRT4.dll
0x00007ffee23f0000 - 0x00007ffee23f8000 	C:\WINDOWS\System32\PSAPI.DLL
0x00007ffeda480000 - 0x00007ffeda48a000 	C:\WINDOWS\SYSTEM32\VERSION.dll
0x00007ffed7dd0000 - 0x00007ffed7df7000 	C:\WINDOWS\SYSTEM32\WINMM.dll
0x00007ffedbc10000 - 0x00007ffedbc19000 	C:\WINDOWS\SYSTEM32\WSOCK32.dll
0x00007ffee22a0000 - 0x00007ffee230b000 	C:\WINDOWS\System32\WS2_32.dll
0x00007ffedf060000 - 0x00007ffedf072000 	C:\WINDOWS\SYSTEM32\kernel.appcore.dll
0x00007ffedbbf0000 - 0x00007ffedbc01000 	D:\ANDROID\jre\bin\verify.dll
0x00007ffeded30000 - 0x00007ffedef14000 	C:\WINDOWS\SYSTEM32\DBGHELP.DLL
0x00007ffec7280000 - 0x00007ffec72ac000 	C:\WINDOWS\SYSTEM32\dbgcore.DLL
0x00007ffee0920000 - 0x00007ffee09a2000 	C:\WINDOWS\System32\bcryptPrimitives.dll
0x00007ffebd530000 - 0x00007ffebd559000 	D:\ANDROID\jre\bin\java.dll
0x00007ffecb8b0000 - 0x00007ffecb8bb000 	D:\ANDROID\jre\bin\jimage.dll
0x00007ffecb870000 - 0x00007ffecb888000 	D:\ANDROID\jre\bin\zip.dll
0x00007ffee2400000 - 0x00007ffee2b44000 	C:\WINDOWS\System32\SHELL32.dll
0x00007ffede4c0000 - 0x00007ffedec54000 	C:\WINDOWS\SYSTEM32\windows.storage.dll
0x00007ffee13c0000 - 0x00007ffee1714000 	C:\WINDOWS\System32\combase.dll
0x00007ffee0160000 - 0x00007ffee018c000 	C:\WINDOWS\SYSTEM32\Wldp.dll
0x00007ffee2310000 - 0x00007ffee23bd000 	C:\WINDOWS\System32\SHCORE.dll
0x00007ffee2e90000 - 0x00007ffee2ee5000 	C:\WINDOWS\System32\shlwapi.dll
0x00007ffee06b0000 - 0x00007ffee06cf000 	C:\WINDOWS\SYSTEM32\profapi.dll
0x00007ffec32a0000 - 0x00007ffec32ba000 	D:\ANDROID\jre\bin\net.dll
0x00007ffed4940000 - 0x00007ffed4a49000 	C:\WINDOWS\SYSTEM32\WINHTTP.dll
0x00007ffedfe60000 - 0x00007ffedfeca000 	C:\WINDOWS\system32\mswsock.dll
0x00007ffeb51b0000 - 0x00007ffeb51c4000 	D:\ANDROID\jre\bin\nio.dll
0x00007ffeb58c0000 - 0x00007ffeb58e7000 	C:\Users\ADMINIS\.gradle\native\e1d6ef7f7dcc3fd88c89a11ec53ec762bb8ba0a96d01ffa2cd45eb1d1d8dd5c5\windows-amd64\native-platform.dll
0x00007ffea6130000 - 0x00007ffea6274000 	C:\Users\ADMINIS\.gradle\native\5664cfc778a61ccfe75a443a1ab52a65af34e5dc3c78e0209fed803814484fcb\windows-amd64\native-platform-file-events.dll
0x00007ffecb8a0000 - 0x00007ffecb8aa000 	D:\ANDROID\jre\bin\management.dll
0x00007ffecb830000 - 0x00007ffecb83d000 	D:\ANDROID\jre\bin\management_ext.dll
0x00007ffee0060000 - 0x00007ffee0078000 	C:\WINDOWS\SYSTEM32\CRYPTSP.dll
0x00007ffedf7e0000 - 0x00007ffedf814000 	C:\WINDOWS\system32\rsaenh.dll
0x00007ffee08f0000 - 0x00007ffee0917000 	C:\WINDOWS\System32\bcrypt.dll
0x00007ffee0670000 - 0x00007ffee069e000 	C:\WINDOWS\SYSTEM32\USERENV.dll
0x00007ffee0050000 - 0x00007ffee005c000 	C:\WINDOWS\SYSTEM32\CRYPTBASE.dll
0x00007ffedfb50000 - 0x00007ffedfb8b000 	C:\WINDOWS\SYSTEM32\IPHLPAPI.DLL
0x00007ffee13b0000 - 0x00007ffee13b8000 	C:\WINDOWS\System32\NSI.dll
0x00007ffed8670000 - 0x00007ffed8687000 	C:\WINDOWS\SYSTEM32\dhcpcsvc6.DLL
0x00007ffed9220000 - 0x00007ffed923d000 	C:\WINDOWS\SYSTEM32\dhcpcsvc.DLL
0x00007ffedfb90000 - 0x00007ffedfc5a000 	C:\WINDOWS\SYSTEM32\DNSAPI.dll
0x00007ffedf470000 - 0x00007ffedf4a3000 	C:\WINDOWS\SYSTEM32\ntmarta.dll
0x00007ffecbac0000 - 0x00007ffecbade000 	C:\Users\ADMINIS\AppData\Local\Temp\native-platform15402253941857051485dir\native-platform.dll
0x00007ffecbab0000 - 0x00007ffecbab8000 	D:\ANDROID\jre\bin\rmi.dll
0x00007ffeb3970000 - 0x00007ffeb3997000 	D:\ANDROID\jre\bin\sunec.dll

dbghelp: loaded successfully - version: 4.0.5 - missing functions: none
symbol engine: initialized successfully - sym options: 0x614 - pdb path: .;D:\ANDROID\jre\bin;C:\WINDOWS\SYSTEM32;C:\WINDOWS\WinSxS\amd64_microsoft.windows.common-controls_6595b64144ccf1df_6.0.19041.1110_none_60b5254171f9507e;D:\ANDROID\jre\bin\server;C:\Users\ADMINIS\.gradle\native\e1d6ef7f7dcc3fd88c89a11ec53ec762bb8ba0a96d01ffa2cd45eb1d1d8dd5c5\windows-amd64;C:\Users\ADMINIS\.gradle\native\5664cfc778a61ccfe75a443a1ab52a65af34e5dc3c78e0209fed803814484fcb\windows-amd64;C:\Users\ADMINIS\AppData\Local\Temp\native-platform15402253941857051485dir

VM Arguments:
jvm_args: --add-opens=java.base/java.util=ALL-UNNAMED --add-opens=java.base/java.lang=ALL-UNNAMED --add-opens=java.base/java.lang.invoke=ALL-UNNAMED --add-opens=java.base/java.util=ALL-UNNAMED --add-opens=java.prefs/java.util.prefs=ALL-UNNAMED --add-opens=java.prefs/java.util.prefs=ALL-UNNAMED --add-opens=java.base/java.nio.charset=ALL-UNNAMED --add-opens=java.base/java.net=ALL-UNNAMED --add-opens=java.base/java.util.concurrent.atomic=ALL-UNNAMED -Xmx2048m -Dfile.encoding=UTF-8 -Duser.country=US -Duser.language=en -Duser.variant 
java_command: org.gradle.launcher.daemon.bootstrap.GradleDaemon 7.2
java_class_path (initial): C:\Users\ADMINIS\.gradle\wrapper\dists\gradle-7.2-bin\2dnblmf4td7x66yl1d74lt32g\gradle-7.2\lib\gradle-launcher-7.2.jar
Launcher Type: SUN_STANDARD

[Global flags]
     intx CICompilerCount                          = 4                                         {product} {ergonomic}
     uint ConcGCThreads                            = 2                                         {product} {ergonomic}
     uint G1ConcRefinementThreads                  = 8                                         {product} {ergonomic}
   size_t G1HeapRegionSize                         = 1048576                                   {product} {ergonomic}
    uintx GCDrainStackTargetSize                   = 64                                        {product} {ergonomic}
   size_t InitialHeapSize                          = 199229440                                 {product} {ergonomic}
   size_t MarkStackSize                            = 4194304                                   {product} {ergonomic}
   size_t MaxHeapSize                              = 2147483648                                {product} {command line}
   size_t MaxNewSize                               = 1287651328                                {product} {ergonomic}
   size_t MinHeapDeltaBytes                        = 1048576                                   {product} {ergonomic}
    uintx NonNMethodCodeHeapSize                   = 5836300                                {pd product} {ergonomic}
    uintx NonProfiledCodeHeapSize                  = 122910970                              {pd product} {ergonomic}
    uintx ProfiledCodeHeapSize                     = 122910970                              {pd product} {ergonomic}
    uintx ReservedCodeCacheSize                    = 251658240                              {pd product} {ergonomic}
     bool SegmentedCodeCache                       = true                                      {product} {ergonomic}
     bool UseCompressedClassPointers               = true                                 {lp64_product} {ergonomic}
     bool UseCompressedOops                        = true                                 {lp64_product} {ergonomic}
     bool UseG1GC                                  = true                                      {product} {ergonomic}
     bool UseLargePagesIndividualAllocation        = false                                  {pd product} {ergonomic}

Logging:
Log output configuration:
 #0: stdout all=warning uptime,level,tags
 #1: stderr all=off uptime,level,tags

Environment Variables:
PATH=C:\Program Files\Common Files\Oracle\Java\javapath;C:\WINDOWS\system32;C:\WINDOWS;C:\WINDOWS\System32\Wbem;C:\WINDOWS\System32\WindowsPowerShell\v1.0\;C:\WINDOWS\System32\OpenSSH\;D:\Git\Git\cmd;C:\Users\ADMINIS\AppData\Local\Microsoft\WindowsApps;
USERNAME=ADMINIS
OS=Windows_NT
PROCESSOR_IDENTIFIER=Intel64 Family 6 Model 126 Stepping 5, GenuineIntel



---------------  S Y S T E M  ---------------

OS: Windows 10 , 64 bit Build 19041 (10.0.19041.1566)
OS uptime: 0 days 3:32 hours

CPU:total 8 (initial active 8) (4 cores per cpu, 2 threads per core) family 6 model 126 stepping 5 microcode 0xa8, cmov, cx8, fxsr, mmx, sse, sse2, sse3, ssse3, sse4.1, sse4.2, popcnt, avx, avx2, aes, clmul, erms, 3dnowpref, lzcnt, ht, tsc, tscinvbit, bmi1, bmi2, adx, evex, sha, fma

Memory: 4k page, system-wide physical 12055M (889M free)
TotalPageFile size 20759M (AvailPageFile size 4164M)
current process WorkingSet (physical memory assigned to process): 616M, peak: 663M
current process commit charge ("private bytes"): 721M, peak: 736M

vm_info: OpenJDK 64-Bit Server VM (11.0.11+9-b60-7590822) for windows-amd64 JRE (11.0.11+9-b60-7590822), built on Jul 29 2021 21:43:44 by "builder" with MS VC++ 14.0 (VS2015)

END.
